<!DOCTYPE html PUBLIC "-//W3C//DTD XHTML 1.1//EN" "http://www.w3.org/TR/xhtml11/DTD/xhtml11.dtd">
<html xmlns="http://www.w3.org/1999/xhtml">
<head>
<meta http-equiv="content-type" content="text/html; charset=UTF-8"/>
<title>TestNG Report</title>
<style type="text/css">table {margin-bottom:10px;border-collapse:collapse;empty-cells:show}th,td {border:1px solid #009;padding:.25em .5em}th {vertical-align:bottom}td {vertical-align:top}table a {font-weight:bold}.stripe td {background-color: #E6EBF9}.num {text-align:right}.passedodd td {background-color: #3F3}.passedeven td {background-color: #0A0}.skippedodd td {background-color: #DDD}.skippedeven td {background-color: #CCC}.failedodd td,.attn {background-color: #F33}.failedeven td,.stripe .attn {background-color: #D00}.stacktrace {white-space:pre;font-family:monospace}.totop {font-size:85%;text-align:center;border-bottom:2px solid #000}.invisible {display:none}</style>
</head>
<body>
<table>
<tr><th>Test</th><th># Passed</th><th># Skipped</th><th># Failed</th><th>Time (ms)</th><th>Included Groups</th><th>Excluded Groups</th></tr>
<tr><th colspan="7">Default suite</th></tr>
<tr><td><a href="#t0">Default test</a></td><td class="num">0</td><td class="num attn">4</td><td class="num">0</td><td class="num">35,090</td><td></td><td></td></tr>
</table>
<table id='summary'><thead><tr><th>Class</th><th>Method</th><th>Start</th><th>Time (ms)</th></tr></thead><tbody><tr><th colspan="4">Default suite</th></tr></tbody><tbody id="t0"><tr><th colspan="4">Default test &#8212; failed (configuration methods)</th></tr><tr class="failedeven"><td rowspan="1">com.scripts.AutomationPracticeTest</td><td><a href="#m0">beforeMainMethod</a></td><td rowspan="1">1640621226697</td><td rowspan="1">34941</td></tr><tr><th colspan="4">Default test &#8212; skipped (configuration methods)</th></tr><tr class="skippedeven"><td rowspan="1">com.scripts.AutomationPracticeTest</td><td><a href="#m1">afterMethod</a></td><td rowspan="1">1640621261721</td><td rowspan="1">0</td></tr><tr><th colspan="4">Default test &#8212; skipped</th></tr><tr class="skippedeven"><td rowspan="4">com.scripts.AutomationPracticeTest</td><td><a href="#m2">TCID_101_VerifySignInFunctionality</a></td><td rowspan="1">1640621261685</td><td rowspan="1">0</td></tr><tr class="skippedeven"><td><a href="#m3">TCID_102_VerifyProductIsAddedToCart</a></td><td rowspan="1">1640621261697</td><td rowspan="1">0</td></tr><tr class="skippedeven"><td><a href="#m4">TCID_103_GetAllLinksOnSummerDressesPage</a></td><td rowspan="1">1640621261707</td><td rowspan="1">0</td></tr><tr class="skippedeven"><td><a href="#m5">TCID_104_VerifyAllLinksOnPage</a></td><td rowspan="1">1640621261716</td><td rowspan="1">0</td></tr></tbody>
</table>
<h2>Default test</h2><h3 id="m0">com.scripts.AutomationPracticeTest#beforeMainMethod</h3><table class="result"><tr><th>Exception</th></tr><tr><td><div class="stacktrace">org.openqa.selenium.SessionNotCreatedException: session not created
from disconnected: received Inspector.detached event
  (Session info: chrome=96.0.4664.110)
Build info: version: &apos;3.141.59&apos;, revision: &apos;e82be7d358&apos;, time: &apos;2018-11-14T08:17:03&apos;
System info: host: &apos;ADMIN-PC&apos;, ip: &apos;192.168.43.96&apos;, os.name: &apos;Windows 7&apos;, os.arch: &apos;amd64&apos;, os.version: &apos;6.1&apos;, java.version: &apos;1.8.0_311&apos;
Driver info: driver.version: ChromeDriver
remote stacktrace: Backtrace:
	Ordinal0 [0x00EC6903+2517251]
	Ordinal0 [0x00E5F8E1+2095329]
	Ordinal0 [0x00D62848+1058888]
	Ordinal0 [0x00D55AD4+1006292]
	Ordinal0 [0x00D55716+1005334]
	Ordinal0 [0x00D54DDA+1002970]
	Ordinal0 [0x00D53F8D+999309]
	Ordinal0 [0x00D54246+1000006]
	Ordinal0 [0x00D53B35+998197]
	Ordinal0 [0x00D5E924+1042724]
	Ordinal0 [0x00D53AF1+998129]
	Ordinal0 [0x00D549F6+1001974]
	Ordinal0 [0x00D53F8D+999309]
	Ordinal0 [0x00D54246+1000006]
	Ordinal0 [0x00D53B35+998197]
	Ordinal0 [0x00D5C923+1034531]
	Ordinal0 [0x00D53AF1+998129]
	Ordinal0 [0x00D549F6+1001974]
	Ordinal0 [0x00D53F8D+999309]
	Ordinal0 [0x00D54246+1000006]
	Ordinal0 [0x00D53B35+998197]
	Ordinal0 [0x00D5A739+1025849]
	Ordinal0 [0x00D53AF1+998129]
	Ordinal0 [0x00D549F6+1001974]
	Ordinal0 [0x00D53F8D+999309]
	Ordinal0 [0x00D54246+1000006]
	Ordinal0 [0x00D53B35+998197]
	Ordinal0 [0x00D59ABC+1022652]
	Ordinal0 [0x00D53AF1+998129]
	Ordinal0 [0x00D549F6+1001974]
	Ordinal0 [0x00D53F8D+999309]
	Ordinal0 [0x00D54246+1000006]
	Ordinal0 [0x00D53B35+998197]
	Ordinal0 [0x00D4F6ED+980717]
	Ordinal0 [0x00D53AF1+998129]
	Ordinal0 [0x00D53890+997520]
	Ordinal0 [0x00D53629+996905]
	Ordinal0 [0x00D63A60+1063520]
	Ordinal0 [0x00DABA7A+1358458]
	Ordinal0 [0x00DAA71A+1353498]
	Ordinal0 [0x00DA639B+1336219]
	Ordinal0 [0x00D827A7+1189799]
	Ordinal0 [0x00D83609+1193481]
	GetHandleVerifier [0x01055904+1577972]
	GetHandleVerifier [0x01100B97+2279047]
	GetHandleVerifier [0x00F56D09+534521]
	GetHandleVerifier [0x00F55DB9+530601]
	Ordinal0 [0x00E64FF9+2117625]
	Ordinal0 [0x00E698A8+2136232]
	Ordinal0 [0x00E699E2+2136546]
	Ordinal0 [0x00E73541+2176321]
	BaseThreadInitThunk [0x750A338A+18]
	RtlInitializeExceptionChain [0x77419A02+99]
	RtlInitializeExceptionChain [0x774199D5+54]

	at sun.reflect.NativeConstructorAccessorImpl.newInstance0(Native Method)
	at sun.reflect.NativeConstructorAccessorImpl.newInstance(Unknown Source)
	at sun.reflect.DelegatingConstructorAccessorImpl.newInstance(Unknown Source)
	at java.lang.reflect.Constructor.newInstance(Unknown Source)
	at org.openqa.selenium.remote.W3CHandshakeResponse.lambda$errorHandler$0(W3CHandshakeResponse.java:62)
	at org.openqa.selenium.remote.HandshakeResponse.lambda$getResponseFunction$0(HandshakeResponse.java:30)
	at org.openqa.selenium.remote.ProtocolHandshake.lambda$createSession$0(ProtocolHandshake.java:126)
	at java.util.stream.ReferencePipeline$3$1.accept(Unknown Source)
	at java.util.Spliterators$ArraySpliterator.tryAdvance(Unknown Source)
	at java.util.stream.ReferencePipeline.forEachWithCancel(Unknown Source)
	at java.util.stream.AbstractPipeline.copyIntoWithCancel(Unknown Source)
	at java.util.stream.AbstractPipeline.copyInto(Unknown Source)
	at java.util.stream.AbstractPipeline.wrapAndCopyInto(Unknown Source)
	at java.util.stream.FindOps$FindOp.evaluateSequential(Unknown Source)
	at java.util.stream.AbstractPipeline.evaluate(Unknown Source)
	at java.util.stream.ReferencePipeline.findFirst(Unknown Source)
	at org.openqa.selenium.remote.ProtocolHandshake.createSession(ProtocolHandshake.java:128)
	at org.openqa.selenium.remote.ProtocolHandshake.createSession(ProtocolHandshake.java:74)
	at org.openqa.selenium.remote.HttpCommandExecutor.execute(HttpCommandExecutor.java:136)
	at org.openqa.selenium.remote.service.DriverCommandExecutor.execute(DriverCommandExecutor.java:83)
	at org.openqa.selenium.remote.RemoteWebDriver.execute(RemoteWebDriver.java:552)
	at org.openqa.selenium.remote.RemoteWebDriver.startSession(RemoteWebDriver.java:213)
	at org.openqa.selenium.remote.RemoteWebDriver.&lt;init&gt;(RemoteWebDriver.java:131)
	at org.openqa.selenium.chrome.ChromeDriver.&lt;init&gt;(ChromeDriver.java:181)
	at org.openqa.selenium.chrome.ChromeDriver.&lt;init&gt;(ChromeDriver.java:168)
	at org.openqa.selenium.chrome.ChromeDriver.&lt;init&gt;(ChromeDriver.java:123)
	at com.generic.BaseTest.itializeWebEnvironment(BaseTest.java:23)
	at com.scripts.AutomationPracticeTest.beforeMainMethod(AutomationPracticeTest.java:37)
	at sun.reflect.NativeMethodAccessorImpl.invoke0(Native Method)
	at sun.reflect.NativeMethodAccessorImpl.invoke(Unknown Source)
	at sun.reflect.DelegatingMethodAccessorImpl.invoke(Unknown Source)
	at java.lang.reflect.Method.invoke(Unknown Source)
	at org.testng.internal.MethodInvocationHelper.invokeMethod(MethodInvocationHelper.java:124)
	at org.testng.internal.MethodInvocationHelper.invokeMethodConsideringTimeout(MethodInvocationHelper.java:59)
	at org.testng.internal.Invoker.invokeConfigurationMethod(Invoker.java:458)
	at org.testng.internal.Invoker.invokeConfigurations(Invoker.java:222)
	at org.testng.internal.Invoker.invokeConfigurations(Invoker.java:142)
	at org.testng.internal.TestMethodWorker.invokeBeforeClassMethods(TestMethodWorker.java:168)
	at org.testng.internal.TestMethodWorker.run(TestMethodWorker.java:105)
	at org.testng.TestRunner.privateRun(TestRunner.java:648)
	at org.testng.TestRunner.run(TestRunner.java:505)
	at org.testng.SuiteRunner.runTest(SuiteRunner.java:455)
	at org.testng.SuiteRunner.runSequentially(SuiteRunner.java:450)
	at org.testng.SuiteRunner.privateRun(SuiteRunner.java:415)
	at org.testng.SuiteRunner.run(SuiteRunner.java:364)
	at org.testng.SuiteRunnerWorker.runSuite(SuiteRunnerWorker.java:52)
	at org.testng.SuiteRunnerWorker.run(SuiteRunnerWorker.java:84)
	at org.testng.TestNG.runSuitesSequentially(TestNG.java:1208)
	at org.testng.TestNG.runSuitesLocally(TestNG.java:1137)
	at org.testng.TestNG.runSuites(TestNG.java:1049)
	at org.testng.TestNG.run(TestNG.java:1017)
	at org.testng.remote.AbstractRemoteTestNG.run(AbstractRemoteTestNG.java:114)
	at org.testng.remote.RemoteTestNG.initAndRun(RemoteTestNG.java:251)
	at org.testng.remote.RemoteTestNG.main(RemoteTestNG.java:77)
</div></td></tr></table><p class="totop"><a href="#summary">back to summary</a></p>
<h3 id="m1">com.scripts.AutomationPracticeTest#afterMethod</h3><table class="result"><tr><th class="invisible"/></tr></table><p class="totop"><a href="#summary">back to summary</a></p>
<h3 id="m2">com.scripts.AutomationPracticeTest#TCID_101_VerifySignInFunctionality</h3><table class="result"><tr><th>Exception</th></tr><tr><td><div class="stacktrace">org.openqa.selenium.SessionNotCreatedException: session not created
from disconnected: received Inspector.detached event
  (Session info: chrome=96.0.4664.110)
Build info: version: &apos;3.141.59&apos;, revision: &apos;e82be7d358&apos;, time: &apos;2018-11-14T08:17:03&apos;
System info: host: &apos;ADMIN-PC&apos;, ip: &apos;192.168.43.96&apos;, os.name: &apos;Windows 7&apos;, os.arch: &apos;amd64&apos;, os.version: &apos;6.1&apos;, java.version: &apos;1.8.0_311&apos;
Driver info: driver.version: ChromeDriver
remote stacktrace: Backtrace:
	Ordinal0 [0x00EC6903+2517251]
	Ordinal0 [0x00E5F8E1+2095329]
	Ordinal0 [0x00D62848+1058888]
	Ordinal0 [0x00D55AD4+1006292]
	Ordinal0 [0x00D55716+1005334]
	Ordinal0 [0x00D54DDA+1002970]
	Ordinal0 [0x00D53F8D+999309]
	Ordinal0 [0x00D54246+1000006]
	Ordinal0 [0x00D53B35+998197]
	Ordinal0 [0x00D5E924+1042724]
	Ordinal0 [0x00D53AF1+998129]
	Ordinal0 [0x00D549F6+1001974]
	Ordinal0 [0x00D53F8D+999309]
	Ordinal0 [0x00D54246+1000006]
	Ordinal0 [0x00D53B35+998197]
	Ordinal0 [0x00D5C923+1034531]
	Ordinal0 [0x00D53AF1+998129]
	Ordinal0 [0x00D549F6+1001974]
	Ordinal0 [0x00D53F8D+999309]
	Ordinal0 [0x00D54246+1000006]
	Ordinal0 [0x00D53B35+998197]
	Ordinal0 [0x00D5A739+1025849]
	Ordinal0 [0x00D53AF1+998129]
	Ordinal0 [0x00D549F6+1001974]
	Ordinal0 [0x00D53F8D+999309]
	Ordinal0 [0x00D54246+1000006]
	Ordinal0 [0x00D53B35+998197]
	Ordinal0 [0x00D59ABC+1022652]
	Ordinal0 [0x00D53AF1+998129]
	Ordinal0 [0x00D549F6+1001974]
	Ordinal0 [0x00D53F8D+999309]
	Ordinal0 [0x00D54246+1000006]
	Ordinal0 [0x00D53B35+998197]
	Ordinal0 [0x00D4F6ED+980717]
	Ordinal0 [0x00D53AF1+998129]
	Ordinal0 [0x00D53890+997520]
	Ordinal0 [0x00D53629+996905]
	Ordinal0 [0x00D63A60+1063520]
	Ordinal0 [0x00DABA7A+1358458]
	Ordinal0 [0x00DAA71A+1353498]
	Ordinal0 [0x00DA639B+1336219]
	Ordinal0 [0x00D827A7+1189799]
	Ordinal0 [0x00D83609+1193481]
	GetHandleVerifier [0x01055904+1577972]
	GetHandleVerifier [0x01100B97+2279047]
	GetHandleVerifier [0x00F56D09+534521]
	GetHandleVerifier [0x00F55DB9+530601]
	Ordinal0 [0x00E64FF9+2117625]
	Ordinal0 [0x00E698A8+2136232]
	Ordinal0 [0x00E699E2+2136546]
	Ordinal0 [0x00E73541+2176321]
	BaseThreadInitThunk [0x750A338A+18]
	RtlInitializeExceptionChain [0x77419A02+99]
	RtlInitializeExceptionChain [0x774199D5+54]

	at sun.reflect.NativeConstructorAccessorImpl.newInstance0(Native Method)
	at sun.reflect.NativeConstructorAccessorImpl.newInstance(Unknown Source)
	at sun.reflect.DelegatingConstructorAccessorImpl.newInstance(Unknown Source)
	at java.lang.reflect.Constructor.newInstance(Unknown Source)
	at org.openqa.selenium.remote.W3CHandshakeResponse.lambda$errorHandler$0(W3CHandshakeResponse.java:62)
	at org.openqa.selenium.remote.HandshakeResponse.lambda$getResponseFunction$0(HandshakeResponse.java:30)
	at org.openqa.selenium.remote.ProtocolHandshake.lambda$createSession$0(ProtocolHandshake.java:126)
	at java.util.stream.ReferencePipeline$3$1.accept(Unknown Source)
	at java.util.Spliterators$ArraySpliterator.tryAdvance(Unknown Source)
	at java.util.stream.ReferencePipeline.forEachWithCancel(Unknown Source)
	at java.util.stream.AbstractPipeline.copyIntoWithCancel(Unknown Source)
	at java.util.stream.AbstractPipeline.copyInto(Unknown Source)
	at java.util.stream.AbstractPipeline.wrapAndCopyInto(Unknown Source)
	at java.util.stream.FindOps$FindOp.evaluateSequential(Unknown Source)
	at java.util.stream.AbstractPipeline.evaluate(Unknown Source)
	at java.util.stream.ReferencePipeline.findFirst(Unknown Source)
	at org.openqa.selenium.remote.ProtocolHandshake.createSession(ProtocolHandshake.java:128)
	at org.openqa.selenium.remote.ProtocolHandshake.createSession(ProtocolHandshake.java:74)
	at org.openqa.selenium.remote.HttpCommandExecutor.execute(HttpCommandExecutor.java:136)
	at org.openqa.selenium.remote.service.DriverCommandExecutor.execute(DriverCommandExecutor.java:83)
	at org.openqa.selenium.remote.RemoteWebDriver.execute(RemoteWebDriver.java:552)
	at org.openqa.selenium.remote.RemoteWebDriver.startSession(RemoteWebDriver.java:213)
	at org.openqa.selenium.remote.RemoteWebDriver.&lt;init&gt;(RemoteWebDriver.java:131)
	at org.openqa.selenium.chrome.ChromeDriver.&lt;init&gt;(ChromeDriver.java:181)
	at org.openqa.selenium.chrome.ChromeDriver.&lt;init&gt;(ChromeDriver.java:168)
	at org.openqa.selenium.chrome.ChromeDriver.&lt;init&gt;(ChromeDriver.java:123)
	at com.generic.BaseTest.itializeWebEnvironment(BaseTest.java:23)
	at com.scripts.AutomationPracticeTest.beforeMainMethod(AutomationPracticeTest.java:37)
	at sun.reflect.NativeMethodAccessorImpl.invoke0(Native Method)
	at sun.reflect.NativeMethodAccessorImpl.invoke(Unknown Source)
	at sun.reflect.DelegatingMethodAccessorImpl.invoke(Unknown Source)
	at java.lang.reflect.Method.invoke(Unknown Source)
	at org.testng.internal.MethodInvocationHelper.invokeMethod(MethodInvocationHelper.java:124)
	at org.testng.internal.MethodInvocationHelper.invokeMethodConsideringTimeout(MethodInvocationHelper.java:59)
	at org.testng.internal.Invoker.invokeConfigurationMethod(Invoker.java:458)
	at org.testng.internal.Invoker.invokeConfigurations(Invoker.java:222)
	at org.testng.internal.Invoker.invokeConfigurations(Invoker.java:142)
	at org.testng.internal.TestMethodWorker.invokeBeforeClassMethods(TestMethodWorker.java:168)
	at org.testng.internal.TestMethodWorker.run(TestMethodWorker.java:105)
	at org.testng.TestRunner.privateRun(TestRunner.java:648)
	at org.testng.TestRunner.run(TestRunner.java:505)
	at org.testng.SuiteRunner.runTest(SuiteRunner.java:455)
	at org.testng.SuiteRunner.runSequentially(SuiteRunner.java:450)
	at org.testng.SuiteRunner.privateRun(SuiteRunner.java:415)
	at org.testng.SuiteRunner.run(SuiteRunner.java:364)
	at org.testng.SuiteRunnerWorker.runSuite(SuiteRunnerWorker.java:52)
	at org.testng.SuiteRunnerWorker.run(SuiteRunnerWorker.java:84)
	at org.testng.TestNG.runSuitesSequentially(TestNG.java:1208)
	at org.testng.TestNG.runSuitesLocally(TestNG.java:1137)
	at org.testng.TestNG.runSuites(TestNG.java:1049)
	at org.testng.TestNG.run(TestNG.java:1017)
	at org.testng.remote.AbstractRemoteTestNG.run(AbstractRemoteTestNG.java:114)
	at org.testng.remote.RemoteTestNG.initAndRun(RemoteTestNG.java:251)
	at org.testng.remote.RemoteTestNG.main(RemoteTestNG.java:77)
</div></td></tr></table><p class="totop"><a href="#summary">back to summary</a></p>
<h3 id="m3">com.scripts.AutomationPracticeTest#TCID_102_VerifyProductIsAddedToCart</h3><table class="result"><tr><th>Exception</th></tr><tr><td><div class="stacktrace">org.openqa.selenium.SessionNotCreatedException: session not created
from disconnected: received Inspector.detached event
  (Session info: chrome=96.0.4664.110)
Build info: version: &apos;3.141.59&apos;, revision: &apos;e82be7d358&apos;, time: &apos;2018-11-14T08:17:03&apos;
System info: host: &apos;ADMIN-PC&apos;, ip: &apos;192.168.43.96&apos;, os.name: &apos;Windows 7&apos;, os.arch: &apos;amd64&apos;, os.version: &apos;6.1&apos;, java.version: &apos;1.8.0_311&apos;
Driver info: driver.version: ChromeDriver
remote stacktrace: Backtrace:
	Ordinal0 [0x00EC6903+2517251]
	Ordinal0 [0x00E5F8E1+2095329]
	Ordinal0 [0x00D62848+1058888]
	Ordinal0 [0x00D55AD4+1006292]
	Ordinal0 [0x00D55716+1005334]
	Ordinal0 [0x00D54DDA+1002970]
	Ordinal0 [0x00D53F8D+999309]
	Ordinal0 [0x00D54246+1000006]
	Ordinal0 [0x00D53B35+998197]
	Ordinal0 [0x00D5E924+1042724]
	Ordinal0 [0x00D53AF1+998129]
	Ordinal0 [0x00D549F6+1001974]
	Ordinal0 [0x00D53F8D+999309]
	Ordinal0 [0x00D54246+1000006]
	Ordinal0 [0x00D53B35+998197]
	Ordinal0 [0x00D5C923+1034531]
	Ordinal0 [0x00D53AF1+998129]
	Ordinal0 [0x00D549F6+1001974]
	Ordinal0 [0x00D53F8D+999309]
	Ordinal0 [0x00D54246+1000006]
	Ordinal0 [0x00D53B35+998197]
	Ordinal0 [0x00D5A739+1025849]
	Ordinal0 [0x00D53AF1+998129]
	Ordinal0 [0x00D549F6+1001974]
	Ordinal0 [0x00D53F8D+999309]
	Ordinal0 [0x00D54246+1000006]
	Ordinal0 [0x00D53B35+998197]
	Ordinal0 [0x00D59ABC+1022652]
	Ordinal0 [0x00D53AF1+998129]
	Ordinal0 [0x00D549F6+1001974]
	Ordinal0 [0x00D53F8D+999309]
	Ordinal0 [0x00D54246+1000006]
	Ordinal0 [0x00D53B35+998197]
	Ordinal0 [0x00D4F6ED+980717]
	Ordinal0 [0x00D53AF1+998129]
	Ordinal0 [0x00D53890+997520]
	Ordinal0 [0x00D53629+996905]
	Ordinal0 [0x00D63A60+1063520]
	Ordinal0 [0x00DABA7A+1358458]
	Ordinal0 [0x00DAA71A+1353498]
	Ordinal0 [0x00DA639B+1336219]
	Ordinal0 [0x00D827A7+1189799]
	Ordinal0 [0x00D83609+1193481]
	GetHandleVerifier [0x01055904+1577972]
	GetHandleVerifier [0x01100B97+2279047]
	GetHandleVerifier [0x00F56D09+534521]
	GetHandleVerifier [0x00F55DB9+530601]
	Ordinal0 [0x00E64FF9+2117625]
	Ordinal0 [0x00E698A8+2136232]
	Ordinal0 [0x00E699E2+2136546]
	Ordinal0 [0x00E73541+2176321]
	BaseThreadInitThunk [0x750A338A+18]
	RtlInitializeExceptionChain [0x77419A02+99]
	RtlInitializeExceptionChain [0x774199D5+54]

	at sun.reflect.NativeConstructorAccessorImpl.newInstance0(Native Method)
	at sun.reflect.NativeConstructorAccessorImpl.newInstance(Unknown Source)
	at sun.reflect.DelegatingConstructorAccessorImpl.newInstance(Unknown Source)
	at java.lang.reflect.Constructor.newInstance(Unknown Source)
	at org.openqa.selenium.remote.W3CHandshakeResponse.lambda$errorHandler$0(W3CHandshakeResponse.java:62)
	at org.openqa.selenium.remote.HandshakeResponse.lambda$getResponseFunction$0(HandshakeResponse.java:30)
	at org.openqa.selenium.remote.ProtocolHandshake.lambda$createSession$0(ProtocolHandshake.java:126)
	at java.util.stream.ReferencePipeline$3$1.accept(Unknown Source)
	at java.util.Spliterators$ArraySpliterator.tryAdvance(Unknown Source)
	at java.util.stream.ReferencePipeline.forEachWithCancel(Unknown Source)
	at java.util.stream.AbstractPipeline.copyIntoWithCancel(Unknown Source)
	at java.util.stream.AbstractPipeline.copyInto(Unknown Source)
	at java.util.stream.AbstractPipeline.wrapAndCopyInto(Unknown Source)
	at java.util.stream.FindOps$FindOp.evaluateSequential(Unknown Source)
	at java.util.stream.AbstractPipeline.evaluate(Unknown Source)
	at java.util.stream.ReferencePipeline.findFirst(Unknown Source)
	at org.openqa.selenium.remote.ProtocolHandshake.createSession(ProtocolHandshake.java:128)
	at org.openqa.selenium.remote.ProtocolHandshake.createSession(ProtocolHandshake.java:74)
	at org.openqa.selenium.remote.HttpCommandExecutor.execute(HttpCommandExecutor.java:136)
	at org.openqa.selenium.remote.service.DriverCommandExecutor.execute(DriverCommandExecutor.java:83)
	at org.openqa.selenium.remote.RemoteWebDriver.execute(RemoteWebDriver.java:552)
	at org.openqa.selenium.remote.RemoteWebDriver.startSession(RemoteWebDriver.java:213)
	at org.openqa.selenium.remote.RemoteWebDriver.&lt;init&gt;(RemoteWebDriver.java:131)
	at org.openqa.selenium.chrome.ChromeDriver.&lt;init&gt;(ChromeDriver.java:181)
	at org.openqa.selenium.chrome.ChromeDriver.&lt;init&gt;(ChromeDriver.java:168)
	at org.openqa.selenium.chrome.ChromeDriver.&lt;init&gt;(ChromeDriver.java:123)
	at com.generic.BaseTest.itializeWebEnvironment(BaseTest.java:23)
	at com.scripts.AutomationPracticeTest.beforeMainMethod(AutomationPracticeTest.java:37)
	at sun.reflect.NativeMethodAccessorImpl.invoke0(Native Method)
	at sun.reflect.NativeMethodAccessorImpl.invoke(Unknown Source)
	at sun.reflect.DelegatingMethodAccessorImpl.invoke(Unknown Source)
	at java.lang.reflect.Method.invoke(Unknown Source)
	at org.testng.internal.MethodInvocationHelper.invokeMethod(MethodInvocationHelper.java:124)
	at org.testng.internal.MethodInvocationHelper.invokeMethodConsideringTimeout(MethodInvocationHelper.java:59)
	at org.testng.internal.Invoker.invokeConfigurationMethod(Invoker.java:458)
	at org.testng.internal.Invoker.invokeConfigurations(Invoker.java:222)
	at org.testng.internal.Invoker.invokeConfigurations(Invoker.java:142)
	at org.testng.internal.TestMethodWorker.invokeBeforeClassMethods(TestMethodWorker.java:168)
	at org.testng.internal.TestMethodWorker.run(TestMethodWorker.java:105)
	at org.testng.TestRunner.privateRun(TestRunner.java:648)
	at org.testng.TestRunner.run(TestRunner.java:505)
	at org.testng.SuiteRunner.runTest(SuiteRunner.java:455)
	at org.testng.SuiteRunner.runSequentially(SuiteRunner.java:450)
	at org.testng.SuiteRunner.privateRun(SuiteRunner.java:415)
	at org.testng.SuiteRunner.run(SuiteRunner.java:364)
	at org.testng.SuiteRunnerWorker.runSuite(SuiteRunnerWorker.java:52)
	at org.testng.SuiteRunnerWorker.run(SuiteRunnerWorker.java:84)
	at org.testng.TestNG.runSuitesSequentially(TestNG.java:1208)
	at org.testng.TestNG.runSuitesLocally(TestNG.java:1137)
	at org.testng.TestNG.runSuites(TestNG.java:1049)
	at org.testng.TestNG.run(TestNG.java:1017)
	at org.testng.remote.AbstractRemoteTestNG.run(AbstractRemoteTestNG.java:114)
	at org.testng.remote.RemoteTestNG.initAndRun(RemoteTestNG.java:251)
	at org.testng.remote.RemoteTestNG.main(RemoteTestNG.java:77)
</div></td></tr></table><p class="totop"><a href="#summary">back to summary</a></p>
<h3 id="m4">com.scripts.AutomationPracticeTest#TCID_103_GetAllLinksOnSummerDressesPage</h3><table class="result"><tr><th>Exception</th></tr><tr><td><div class="stacktrace">org.openqa.selenium.SessionNotCreatedException: session not created
from disconnected: received Inspector.detached event
  (Session info: chrome=96.0.4664.110)
Build info: version: &apos;3.141.59&apos;, revision: &apos;e82be7d358&apos;, time: &apos;2018-11-14T08:17:03&apos;
System info: host: &apos;ADMIN-PC&apos;, ip: &apos;192.168.43.96&apos;, os.name: &apos;Windows 7&apos;, os.arch: &apos;amd64&apos;, os.version: &apos;6.1&apos;, java.version: &apos;1.8.0_311&apos;
Driver info: driver.version: ChromeDriver
remote stacktrace: Backtrace:
	Ordinal0 [0x00EC6903+2517251]
	Ordinal0 [0x00E5F8E1+2095329]
	Ordinal0 [0x00D62848+1058888]
	Ordinal0 [0x00D55AD4+1006292]
	Ordinal0 [0x00D55716+1005334]
	Ordinal0 [0x00D54DDA+1002970]
	Ordinal0 [0x00D53F8D+999309]
	Ordinal0 [0x00D54246+1000006]
	Ordinal0 [0x00D53B35+998197]
	Ordinal0 [0x00D5E924+1042724]
	Ordinal0 [0x00D53AF1+998129]
	Ordinal0 [0x00D549F6+1001974]
	Ordinal0 [0x00D53F8D+999309]
	Ordinal0 [0x00D54246+1000006]
	Ordinal0 [0x00D53B35+998197]
	Ordinal0 [0x00D5C923+1034531]
	Ordinal0 [0x00D53AF1+998129]
	Ordinal0 [0x00D549F6+1001974]
	Ordinal0 [0x00D53F8D+999309]
	Ordinal0 [0x00D54246+1000006]
	Ordinal0 [0x00D53B35+998197]
	Ordinal0 [0x00D5A739+1025849]
	Ordinal0 [0x00D53AF1+998129]
	Ordinal0 [0x00D549F6+1001974]
	Ordinal0 [0x00D53F8D+999309]
	Ordinal0 [0x00D54246+1000006]
	Ordinal0 [0x00D53B35+998197]
	Ordinal0 [0x00D59ABC+1022652]
	Ordinal0 [0x00D53AF1+998129]
	Ordinal0 [0x00D549F6+1001974]
	Ordinal0 [0x00D53F8D+999309]
	Ordinal0 [0x00D54246+1000006]
	Ordinal0 [0x00D53B35+998197]
	Ordinal0 [0x00D4F6ED+980717]
	Ordinal0 [0x00D53AF1+998129]
	Ordinal0 [0x00D53890+997520]
	Ordinal0 [0x00D53629+996905]
	Ordinal0 [0x00D63A60+1063520]
	Ordinal0 [0x00DABA7A+1358458]
	Ordinal0 [0x00DAA71A+1353498]
	Ordinal0 [0x00DA639B+1336219]
	Ordinal0 [0x00D827A7+1189799]
	Ordinal0 [0x00D83609+1193481]
	GetHandleVerifier [0x01055904+1577972]
	GetHandleVerifier [0x01100B97+2279047]
	GetHandleVerifier [0x00F56D09+534521]
	GetHandleVerifier [0x00F55DB9+530601]
	Ordinal0 [0x00E64FF9+2117625]
	Ordinal0 [0x00E698A8+2136232]
	Ordinal0 [0x00E699E2+2136546]
	Ordinal0 [0x00E73541+2176321]
	BaseThreadInitThunk [0x750A338A+18]
	RtlInitializeExceptionChain [0x77419A02+99]
	RtlInitializeExceptionChain [0x774199D5+54]

	at sun.reflect.NativeConstructorAccessorImpl.newInstance0(Native Method)
	at sun.reflect.NativeConstructorAccessorImpl.newInstance(Unknown Source)
	at sun.reflect.DelegatingConstructorAccessorImpl.newInstance(Unknown Source)
	at java.lang.reflect.Constructor.newInstance(Unknown Source)
	at org.openqa.selenium.remote.W3CHandshakeResponse.lambda$errorHandler$0(W3CHandshakeResponse.java:62)
	at org.openqa.selenium.remote.HandshakeResponse.lambda$getResponseFunction$0(HandshakeResponse.java:30)
	at org.openqa.selenium.remote.ProtocolHandshake.lambda$createSession$0(ProtocolHandshake.java:126)
	at java.util.stream.ReferencePipeline$3$1.accept(Unknown Source)
	at java.util.Spliterators$ArraySpliterator.tryAdvance(Unknown Source)
	at java.util.stream.ReferencePipeline.forEachWithCancel(Unknown Source)
	at java.util.stream.AbstractPipeline.copyIntoWithCancel(Unknown Source)
	at java.util.stream.AbstractPipeline.copyInto(Unknown Source)
	at java.util.stream.AbstractPipeline.wrapAndCopyInto(Unknown Source)
	at java.util.stream.FindOps$FindOp.evaluateSequential(Unknown Source)
	at java.util.stream.AbstractPipeline.evaluate(Unknown Source)
	at java.util.stream.ReferencePipeline.findFirst(Unknown Source)
	at org.openqa.selenium.remote.ProtocolHandshake.createSession(ProtocolHandshake.java:128)
	at org.openqa.selenium.remote.ProtocolHandshake.createSession(ProtocolHandshake.java:74)
	at org.openqa.selenium.remote.HttpCommandExecutor.execute(HttpCommandExecutor.java:136)
	at org.openqa.selenium.remote.service.DriverCommandExecutor.execute(DriverCommandExecutor.java:83)
	at org.openqa.selenium.remote.RemoteWebDriver.execute(RemoteWebDriver.java:552)
	at org.openqa.selenium.remote.RemoteWebDriver.startSession(RemoteWebDriver.java:213)
	at org.openqa.selenium.remote.RemoteWebDriver.&lt;init&gt;(RemoteWebDriver.java:131)
	at org.openqa.selenium.chrome.ChromeDriver.&lt;init&gt;(ChromeDriver.java:181)
	at org.openqa.selenium.chrome.ChromeDriver.&lt;init&gt;(ChromeDriver.java:168)
	at org.openqa.selenium.chrome.ChromeDriver.&lt;init&gt;(ChromeDriver.java:123)
	at com.generic.BaseTest.itializeWebEnvironment(BaseTest.java:23)
	at com.scripts.AutomationPracticeTest.beforeMainMethod(AutomationPracticeTest.java:37)
	at sun.reflect.NativeMethodAccessorImpl.invoke0(Native Method)
	at sun.reflect.NativeMethodAccessorImpl.invoke(Unknown Source)
	at sun.reflect.DelegatingMethodAccessorImpl.invoke(Unknown Source)
	at java.lang.reflect.Method.invoke(Unknown Source)
	at org.testng.internal.MethodInvocationHelper.invokeMethod(MethodInvocationHelper.java:124)
	at org.testng.internal.MethodInvocationHelper.invokeMethodConsideringTimeout(MethodInvocationHelper.java:59)
	at org.testng.internal.Invoker.invokeConfigurationMethod(Invoker.java:458)
	at org.testng.internal.Invoker.invokeConfigurations(Invoker.java:222)
	at org.testng.internal.Invoker.invokeConfigurations(Invoker.java:142)
	at org.testng.internal.TestMethodWorker.invokeBeforeClassMethods(TestMethodWorker.java:168)
	at org.testng.internal.TestMethodWorker.run(TestMethodWorker.java:105)
	at org.testng.TestRunner.privateRun(TestRunner.java:648)
	at org.testng.TestRunner.run(TestRunner.java:505)
	at org.testng.SuiteRunner.runTest(SuiteRunner.java:455)
	at org.testng.SuiteRunner.runSequentially(SuiteRunner.java:450)
	at org.testng.SuiteRunner.privateRun(SuiteRunner.java:415)
	at org.testng.SuiteRunner.run(SuiteRunner.java:364)
	at org.testng.SuiteRunnerWorker.runSuite(SuiteRunnerWorker.java:52)
	at org.testng.SuiteRunnerWorker.run(SuiteRunnerWorker.java:84)
	at org.testng.TestNG.runSuitesSequentially(TestNG.java:1208)
	at org.testng.TestNG.runSuitesLocally(TestNG.java:1137)
	at org.testng.TestNG.runSuites(TestNG.java:1049)
	at org.testng.TestNG.run(TestNG.java:1017)
	at org.testng.remote.AbstractRemoteTestNG.run(AbstractRemoteTestNG.java:114)
	at org.testng.remote.RemoteTestNG.initAndRun(RemoteTestNG.java:251)
	at org.testng.remote.RemoteTestNG.main(RemoteTestNG.java:77)
</div></td></tr></table><p class="totop"><a href="#summary">back to summary</a></p>
<h3 id="m5">com.scripts.AutomationPracticeTest#TCID_104_VerifyAllLinksOnPage</h3><table class="result"><tr><th>Exception</th></tr><tr><td><div class="stacktrace">org.openqa.selenium.SessionNotCreatedException: session not created
from disconnected: received Inspector.detached event
  (Session info: chrome=96.0.4664.110)
Build info: version: &apos;3.141.59&apos;, revision: &apos;e82be7d358&apos;, time: &apos;2018-11-14T08:17:03&apos;
System info: host: &apos;ADMIN-PC&apos;, ip: &apos;192.168.43.96&apos;, os.name: &apos;Windows 7&apos;, os.arch: &apos;amd64&apos;, os.version: &apos;6.1&apos;, java.version: &apos;1.8.0_311&apos;
Driver info: driver.version: ChromeDriver
remote stacktrace: Backtrace:
	Ordinal0 [0x00EC6903+2517251]
	Ordinal0 [0x00E5F8E1+2095329]
	Ordinal0 [0x00D62848+1058888]
	Ordinal0 [0x00D55AD4+1006292]
	Ordinal0 [0x00D55716+1005334]
	Ordinal0 [0x00D54DDA+1002970]
	Ordinal0 [0x00D53F8D+999309]
	Ordinal0 [0x00D54246+1000006]
	Ordinal0 [0x00D53B35+998197]
	Ordinal0 [0x00D5E924+1042724]
	Ordinal0 [0x00D53AF1+998129]
	Ordinal0 [0x00D549F6+1001974]
	Ordinal0 [0x00D53F8D+999309]
	Ordinal0 [0x00D54246+1000006]
	Ordinal0 [0x00D53B35+998197]
	Ordinal0 [0x00D5C923+1034531]
	Ordinal0 [0x00D53AF1+998129]
	Ordinal0 [0x00D549F6+1001974]
	Ordinal0 [0x00D53F8D+999309]
	Ordinal0 [0x00D54246+1000006]
	Ordinal0 [0x00D53B35+998197]
	Ordinal0 [0x00D5A739+1025849]
	Ordinal0 [0x00D53AF1+998129]
	Ordinal0 [0x00D549F6+1001974]
	Ordinal0 [0x00D53F8D+999309]
	Ordinal0 [0x00D54246+1000006]
	Ordinal0 [0x00D53B35+998197]
	Ordinal0 [0x00D59ABC+1022652]
	Ordinal0 [0x00D53AF1+998129]
	Ordinal0 [0x00D549F6+1001974]
	Ordinal0 [0x00D53F8D+999309]
	Ordinal0 [0x00D54246+1000006]
	Ordinal0 [0x00D53B35+998197]
	Ordinal0 [0x00D4F6ED+980717]
	Ordinal0 [0x00D53AF1+998129]
	Ordinal0 [0x00D53890+997520]
	Ordinal0 [0x00D53629+996905]
	Ordinal0 [0x00D63A60+1063520]
	Ordinal0 [0x00DABA7A+1358458]
	Ordinal0 [0x00DAA71A+1353498]
	Ordinal0 [0x00DA639B+1336219]
	Ordinal0 [0x00D827A7+1189799]
	Ordinal0 [0x00D83609+1193481]
	GetHandleVerifier [0x01055904+1577972]
	GetHandleVerifier [0x01100B97+2279047]
	GetHandleVerifier [0x00F56D09+534521]
	GetHandleVerifier [0x00F55DB9+530601]
	Ordinal0 [0x00E64FF9+2117625]
	Ordinal0 [0x00E698A8+2136232]
	Ordinal0 [0x00E699E2+2136546]
	Ordinal0 [0x00E73541+2176321]
	BaseThreadInitThunk [0x750A338A+18]
	RtlInitializeExceptionChain [0x77419A02+99]
	RtlInitializeExceptionChain [0x774199D5+54]

	at sun.reflect.NativeConstructorAccessorImpl.newInstance0(Native Method)
	at sun.reflect.NativeConstructorAccessorImpl.newInstance(Unknown Source)
	at sun.reflect.DelegatingConstructorAccessorImpl.newInstance(Unknown Source)
	at java.lang.reflect.Constructor.newInstance(Unknown Source)
	at org.openqa.selenium.remote.W3CHandshakeResponse.lambda$errorHandler$0(W3CHandshakeResponse.java:62)
	at org.openqa.selenium.remote.HandshakeResponse.lambda$getResponseFunction$0(HandshakeResponse.java:30)
	at org.openqa.selenium.remote.ProtocolHandshake.lambda$createSession$0(ProtocolHandshake.java:126)
	at java.util.stream.ReferencePipeline$3$1.accept(Unknown Source)
	at java.util.Spliterators$ArraySpliterator.tryAdvance(Unknown Source)
	at java.util.stream.ReferencePipeline.forEachWithCancel(Unknown Source)
	at java.util.stream.AbstractPipeline.copyIntoWithCancel(Unknown Source)
	at java.util.stream.AbstractPipeline.copyInto(Unknown Source)
	at java.util.stream.AbstractPipeline.wrapAndCopyInto(Unknown Source)
	at java.util.stream.FindOps$FindOp.evaluateSequential(Unknown Source)
	at java.util.stream.AbstractPipeline.evaluate(Unknown Source)
	at java.util.stream.ReferencePipeline.findFirst(Unknown Source)
	at org.openqa.selenium.remote.ProtocolHandshake.createSession(ProtocolHandshake.java:128)
	at org.openqa.selenium.remote.ProtocolHandshake.createSession(ProtocolHandshake.java:74)
	at org.openqa.selenium.remote.HttpCommandExecutor.execute(HttpCommandExecutor.java:136)
	at org.openqa.selenium.remote.service.DriverCommandExecutor.execute(DriverCommandExecutor.java:83)
	at org.openqa.selenium.remote.RemoteWebDriver.execute(RemoteWebDriver.java:552)
	at org.openqa.selenium.remote.RemoteWebDriver.startSession(RemoteWebDriver.java:213)
	at org.openqa.selenium.remote.RemoteWebDriver.&lt;init&gt;(RemoteWebDriver.java:131)
	at org.openqa.selenium.chrome.ChromeDriver.&lt;init&gt;(ChromeDriver.java:181)
	at org.openqa.selenium.chrome.ChromeDriver.&lt;init&gt;(ChromeDriver.java:168)
	at org.openqa.selenium.chrome.ChromeDriver.&lt;init&gt;(ChromeDriver.java:123)
	at com.generic.BaseTest.itializeWebEnvironment(BaseTest.java:23)
	at com.scripts.AutomationPracticeTest.beforeMainMethod(AutomationPracticeTest.java:37)
	at sun.reflect.NativeMethodAccessorImpl.invoke0(Native Method)
	at sun.reflect.NativeMethodAccessorImpl.invoke(Unknown Source)
	at sun.reflect.DelegatingMethodAccessorImpl.invoke(Unknown Source)
	at java.lang.reflect.Method.invoke(Unknown Source)
	at org.testng.internal.MethodInvocationHelper.invokeMethod(MethodInvocationHelper.java:124)
	at org.testng.internal.MethodInvocationHelper.invokeMethodConsideringTimeout(MethodInvocationHelper.java:59)
	at org.testng.internal.Invoker.invokeConfigurationMethod(Invoker.java:458)
	at org.testng.internal.Invoker.invokeConfigurations(Invoker.java:222)
	at org.testng.internal.Invoker.invokeConfigurations(Invoker.java:142)
	at org.testng.internal.TestMethodWorker.invokeBeforeClassMethods(TestMethodWorker.java:168)
	at org.testng.internal.TestMethodWorker.run(TestMethodWorker.java:105)
	at org.testng.TestRunner.privateRun(TestRunner.java:648)
	at org.testng.TestRunner.run(TestRunner.java:505)
	at org.testng.SuiteRunner.runTest(SuiteRunner.java:455)
	at org.testng.SuiteRunner.runSequentially(SuiteRunner.java:450)
	at org.testng.SuiteRunner.privateRun(SuiteRunner.java:415)
	at org.testng.SuiteRunner.run(SuiteRunner.java:364)
	at org.testng.SuiteRunnerWorker.runSuite(SuiteRunnerWorker.java:52)
	at org.testng.SuiteRunnerWorker.run(SuiteRunnerWorker.java:84)
	at org.testng.TestNG.runSuitesSequentially(TestNG.java:1208)
	at org.testng.TestNG.runSuitesLocally(TestNG.java:1137)
	at org.testng.TestNG.runSuites(TestNG.java:1049)
	at org.testng.TestNG.run(TestNG.java:1017)
	at org.testng.remote.AbstractRemoteTestNG.run(AbstractRemoteTestNG.java:114)
	at org.testng.remote.RemoteTestNG.initAndRun(RemoteTestNG.java:251)
	at org.testng.remote.RemoteTestNG.main(RemoteTestNG.java:77)
</div></td></tr></table><p class="totop"><a href="#summary">back to summary</a></p>
</body>
</html>
