<!DOCTYPE html>

<html>
  <head>
  <meta charset='utf-8'>
  <title>TestNG reports</title>

    <link type="text/css" href="testng-reports.css" rel="stylesheet" />
    <script type="text/javascript" src="jquery-1.7.1.min.js"></script>
    <script type="text/javascript" src="testng-reports.js"></script>
    <script type="text/javascript" src="https://www.google.com/jsapi"></script>
    <script type='text/javascript'>
      google.load('visualization', '1', {packages:['table']});
      google.setOnLoadCallback(drawTable);
      var suiteTableInitFunctions = new Array();
      var suiteTableData = new Array();
    </script>
    <!--
      <script type="text/javascript" src="jquery-ui/js/jquery-ui-1.8.16.custom.min.js"></script>
     -->
  </head>

  <body>
    <div class="top-banner-root">
      <span class="top-banner-title-font">Test results</span>
      <br/>
      <span class="top-banner-font-1">1 suite</span>
    </div> <!-- top-banner-root -->
    <div class="navigator-root">
      <div class="navigator-suite-header">
        <span>All suites</span>
        <a href="#" class="collapse-all-link" title="Collapse/expand all the suites">
          <img class="collapse-all-icon" src="collapseall.gif">
          </img> <!-- collapse-all-icon -->
        </a> <!-- collapse-all-link -->
      </div> <!-- navigator-suite-header -->
      <div class="suite">
        <div class="rounded-window">
          <div class="suite-header light-rounded-window-top">
            <a href="#" class="navigator-link" panel-name="suite-Default_suite">
              <span class="suite-name border-skipped">Default suite</span>
            </a> <!-- navigator-link -->
          </div> <!-- suite-header light-rounded-window-top -->
          <div class="navigator-suite-content">
            <div class="suite-section-title">
              <span>Info</span>
            </div> <!-- suite-section-title -->
            <div class="suite-section-content">
              <ul>
                <li>
                  <a href="#" class="navigator-link " panel-name="test-xml-Default_suite">
                    <span>C:\Users\admin\AppData\Local\Temp\testng-eclipse-731564831\testng-customsuite.xml</span>
                  </a> <!-- navigator-link  -->
                </li>
                <li>
                  <a href="#" class="navigator-link " panel-name="testlist-Default_suite">
                    <span class="test-stats">1 test</span>
                  </a> <!-- navigator-link  -->
                </li>
                <li>
                  <a href="#" class="navigator-link " panel-name="group-Default_suite">
                    <span>0 groups</span>
                  </a> <!-- navigator-link  -->
                </li>
                <li>
                  <a href="#" class="navigator-link " panel-name="times-Default_suite">
                    <span>Times</span>
                  </a> <!-- navigator-link  -->
                </li>
                <li>
                  <a href="#" class="navigator-link " panel-name="reporter-Default_suite">
                    <span>Reporter output</span>
                  </a> <!-- navigator-link  -->
                </li>
                <li>
                  <a href="#" class="navigator-link " panel-name="ignored-methods-Default_suite">
                    <span>Ignored methods</span>
                  </a> <!-- navigator-link  -->
                </li>
                <li>
                  <a href="#" class="navigator-link " panel-name="chronological-Default_suite">
                    <span>Chronological view</span>
                  </a> <!-- navigator-link  -->
                </li>
              </ul>
            </div> <!-- suite-section-content -->
            <div class="result-section">
              <div class="suite-section-title">
                <span>Results</span>
              </div> <!-- suite-section-title -->
              <div class="suite-section-content">
                <ul>
                  <li>
                    <span class="method-stats">4 methods,  4 skipped,  </span>
                  </li>
                  <li>
                    <span class="method-list-title skipped">Skipped methods</span>
                    <span class="show-or-hide-methods skipped">
                      <a href="#" panel-name="suite-Default_suite" class="hide-methods skipped suite-Default_suite"> (hide)</a> <!-- hide-methods skipped suite-Default_suite -->
                      <a href="#" panel-name="suite-Default_suite" class="show-methods skipped suite-Default_suite"> (show)</a> <!-- show-methods skipped suite-Default_suite -->
                    </span>
                    <div class="method-list-content skipped suite-Default_suite">
                      <span>
                        <img width="3%" src="skipped.png"/>
                        <a href="#" class="method navigator-link" panel-name="suite-Default_suite" title="com.scripts.AutomationPracticeTest" hash-for-method="TCID_101_VerifySignInFunctionality">TCID_101_VerifySignInFunctionality</a> <!-- method navigator-link -->
                      </span>
                      <br/>
                      <span>
                        <img width="3%" src="skipped.png"/>
                        <a href="#" class="method navigator-link" panel-name="suite-Default_suite" title="com.scripts.AutomationPracticeTest" hash-for-method="TCID_102_VerifyProductIsAddedToCart">TCID_102_VerifyProductIsAddedToCart</a> <!-- method navigator-link -->
                      </span>
                      <br/>
                      <span>
                        <img width="3%" src="skipped.png"/>
                        <a href="#" class="method navigator-link" panel-name="suite-Default_suite" title="com.scripts.AutomationPracticeTest" hash-for-method="TCID_103_GetAllLinksOnSummerDressesPage">TCID_103_GetAllLinksOnSummerDressesPage</a> <!-- method navigator-link -->
                      </span>
                      <br/>
                      <span>
                        <img width="3%" src="skipped.png"/>
                        <a href="#" class="method navigator-link" panel-name="suite-Default_suite" title="com.scripts.AutomationPracticeTest" hash-for-method="TCID_104_VerifyAllLinksOnPage">TCID_104_VerifyAllLinksOnPage</a> <!-- method navigator-link -->
                      </span>
                      <br/>
                    </div> <!-- method-list-content skipped suite-Default_suite -->
                  </li>
                </ul>
              </div> <!-- suite-section-content -->
            </div> <!-- result-section -->
          </div> <!-- navigator-suite-content -->
        </div> <!-- rounded-window -->
      </div> <!-- suite -->
    </div> <!-- navigator-root -->
    <div class="wrapper">
      <div class="main-panel-root">
        <div panel-name="suite-Default_suite" class="panel Default_suite">
          <div class="suite-Default_suite-class-skipped">
            <div class="main-panel-header rounded-window-top">
              <img src="skipped.png"/>
              <span class="class-name">com.scripts.AutomationPracticeTest</span>
            </div> <!-- main-panel-header rounded-window-top -->
            <div class="main-panel-content rounded-window-bottom">
              <div class="method">
                <div class="method-content">
                  <a name="TCID_101_VerifySignInFunctionality">
                  </a> <!-- TCID_101_VerifySignInFunctionality -->
                  <span class="method-name">TCID_101_VerifySignInFunctionality</span>
                  <div class="stack-trace">org.openqa.selenium.SessionNotCreatedException: session not created
from disconnected: received Inspector.detached event
  (Session info: chrome=96.0.4664.110)
Build info: version: &apos;3.141.59&apos;, revision: &apos;e82be7d358&apos;, time: &apos;2018-11-14T08:17:03&apos;
System info: host: &apos;ADMIN-PC&apos;, ip: &apos;192.168.43.96&apos;, os.name: &apos;Windows 7&apos;, os.arch: &apos;amd64&apos;, os.version: &apos;6.1&apos;, java.version: &apos;1.8.0_311&apos;
Driver info: driver.version: ChromeDriver
remote stacktrace: Backtrace:
	Ordinal0 [0x00EC6903+2517251]
	Ordinal0 [0x00E5F8E1+2095329]
	Ordinal0 [0x00D62848+1058888]
	Ordinal0 [0x00D55AD4+1006292]
	Ordinal0 [0x00D55716+1005334]
	Ordinal0 [0x00D54DDA+1002970]
	Ordinal0 [0x00D53F8D+999309]
	Ordinal0 [0x00D54246+1000006]
	Ordinal0 [0x00D53B35+998197]
	Ordinal0 [0x00D5E924+1042724]
	Ordinal0 [0x00D53AF1+998129]
	Ordinal0 [0x00D549F6+1001974]
	Ordinal0 [0x00D53F8D+999309]
	Ordinal0 [0x00D54246+1000006]
	Ordinal0 [0x00D53B35+998197]
	Ordinal0 [0x00D5C923+1034531]
	Ordinal0 [0x00D53AF1+998129]
	Ordinal0 [0x00D549F6+1001974]
	Ordinal0 [0x00D53F8D+999309]
	Ordinal0 [0x00D54246+1000006]
	Ordinal0 [0x00D53B35+998197]
	Ordinal0 [0x00D5A739+1025849]
	Ordinal0 [0x00D53AF1+998129]
	Ordinal0 [0x00D549F6+1001974]
	Ordinal0 [0x00D53F8D+999309]
	Ordinal0 [0x00D54246+1000006]
	Ordinal0 [0x00D53B35+998197]
	Ordinal0 [0x00D59ABC+1022652]
	Ordinal0 [0x00D53AF1+998129]
	Ordinal0 [0x00D549F6+1001974]
	Ordinal0 [0x00D53F8D+999309]
	Ordinal0 [0x00D54246+1000006]
	Ordinal0 [0x00D53B35+998197]
	Ordinal0 [0x00D4F6ED+980717]
	Ordinal0 [0x00D53AF1+998129]
	Ordinal0 [0x00D53890+997520]
	Ordinal0 [0x00D53629+996905]
	Ordinal0 [0x00D63A60+1063520]
	Ordinal0 [0x00DABA7A+1358458]
	Ordinal0 [0x00DAA71A+1353498]
	Ordinal0 [0x00DA639B+1336219]
	Ordinal0 [0x00D827A7+1189799]
	Ordinal0 [0x00D83609+1193481]
	GetHandleVerifier [0x01055904+1577972]
	GetHandleVerifier [0x01100B97+2279047]
	GetHandleVerifier [0x00F56D09+534521]
	GetHandleVerifier [0x00F55DB9+530601]
	Ordinal0 [0x00E64FF9+2117625]
	Ordinal0 [0x00E698A8+2136232]
	Ordinal0 [0x00E699E2+2136546]
	Ordinal0 [0x00E73541+2176321]
	BaseThreadInitThunk [0x750A338A+18]
	RtlInitializeExceptionChain [0x77419A02+99]
	RtlInitializeExceptionChain [0x774199D5+54]

	at sun.reflect.NativeConstructorAccessorImpl.newInstance0(Native Method)
	at sun.reflect.NativeConstructorAccessorImpl.newInstance(Unknown Source)
	at sun.reflect.DelegatingConstructorAccessorImpl.newInstance(Unknown Source)
	at java.lang.reflect.Constructor.newInstance(Unknown Source)
	at org.openqa.selenium.remote.W3CHandshakeResponse.lambda$errorHandler$0(W3CHandshakeResponse.java:62)
	at org.openqa.selenium.remote.HandshakeResponse.lambda$getResponseFunction$0(HandshakeResponse.java:30)
	at org.openqa.selenium.remote.ProtocolHandshake.lambda$createSession$0(ProtocolHandshake.java:126)
	at java.util.stream.ReferencePipeline$3$1.accept(Unknown Source)
	at java.util.Spliterators$ArraySpliterator.tryAdvance(Unknown Source)
	at java.util.stream.ReferencePipeline.forEachWithCancel(Unknown Source)
	at java.util.stream.AbstractPipeline.copyIntoWithCancel(Unknown Source)
	at java.util.stream.AbstractPipeline.copyInto(Unknown Source)
	at java.util.stream.AbstractPipeline.wrapAndCopyInto(Unknown Source)
	at java.util.stream.FindOps$FindOp.evaluateSequential(Unknown Source)
	at java.util.stream.AbstractPipeline.evaluate(Unknown Source)
	at java.util.stream.ReferencePipeline.findFirst(Unknown Source)
	at org.openqa.selenium.remote.ProtocolHandshake.createSession(ProtocolHandshake.java:128)
	at org.openqa.selenium.remote.ProtocolHandshake.createSession(ProtocolHandshake.java:74)
	at org.openqa.selenium.remote.HttpCommandExecutor.execute(HttpCommandExecutor.java:136)
	at org.openqa.selenium.remote.service.DriverCommandExecutor.execute(DriverCommandExecutor.java:83)
	at org.openqa.selenium.remote.RemoteWebDriver.execute(RemoteWebDriver.java:552)
	at org.openqa.selenium.remote.RemoteWebDriver.startSession(RemoteWebDriver.java:213)
	at org.openqa.selenium.remote.RemoteWebDriver.&lt;init&gt;(RemoteWebDriver.java:131)
	at org.openqa.selenium.chrome.ChromeDriver.&lt;init&gt;(ChromeDriver.java:181)
	at org.openqa.selenium.chrome.ChromeDriver.&lt;init&gt;(ChromeDriver.java:168)
	at org.openqa.selenium.chrome.ChromeDriver.&lt;init&gt;(ChromeDriver.java:123)
	at com.generic.BaseTest.itializeWebEnvironment(BaseTest.java:23)
	at com.scripts.AutomationPracticeTest.beforeMainMethod(AutomationPracticeTest.java:37)
	at sun.reflect.NativeMethodAccessorImpl.invoke0(Native Method)
	at sun.reflect.NativeMethodAccessorImpl.invoke(Unknown Source)
	at sun.reflect.DelegatingMethodAccessorImpl.invoke(Unknown Source)
	at java.lang.reflect.Method.invoke(Unknown Source)
	at org.testng.internal.MethodInvocationHelper.invokeMethod(MethodInvocationHelper.java:124)
	at org.testng.internal.MethodInvocationHelper.invokeMethodConsideringTimeout(MethodInvocationHelper.java:59)
	at org.testng.internal.Invoker.invokeConfigurationMethod(Invoker.java:458)
	at org.testng.internal.Invoker.invokeConfigurations(Invoker.java:222)
	at org.testng.internal.Invoker.invokeConfigurations(Invoker.java:142)
	at org.testng.internal.TestMethodWorker.invokeBeforeClassMethods(TestMethodWorker.java:168)
	at org.testng.internal.TestMethodWorker.run(TestMethodWorker.java:105)
	at org.testng.TestRunner.privateRun(TestRunner.java:648)
	at org.testng.TestRunner.run(TestRunner.java:505)
	at org.testng.SuiteRunner.runTest(SuiteRunner.java:455)
	at org.testng.SuiteRunner.runSequentially(SuiteRunner.java:450)
	at org.testng.SuiteRunner.privateRun(SuiteRunner.java:415)
	at org.testng.SuiteRunner.run(SuiteRunner.java:364)
	at org.testng.SuiteRunnerWorker.runSuite(SuiteRunnerWorker.java:52)
	at org.testng.SuiteRunnerWorker.run(SuiteRunnerWorker.java:84)
	at org.testng.TestNG.runSuitesSequentially(TestNG.java:1208)
	at org.testng.TestNG.runSuitesLocally(TestNG.java:1137)
	at org.testng.TestNG.runSuites(TestNG.java:1049)
	at org.testng.TestNG.run(TestNG.java:1017)
	at org.testng.remote.AbstractRemoteTestNG.run(AbstractRemoteTestNG.java:114)
	at org.testng.remote.RemoteTestNG.initAndRun(RemoteTestNG.java:251)
	at org.testng.remote.RemoteTestNG.main(RemoteTestNG.java:77)

</div> <!-- stack-trace -->
                </div> <!-- method-content -->
              </div> <!-- method -->
              <div class="method">
                <div class="method-content">
                  <a name="TCID_102_VerifyProductIsAddedToCart">
                  </a> <!-- TCID_102_VerifyProductIsAddedToCart -->
                  <span class="method-name">TCID_102_VerifyProductIsAddedToCart</span>
                  <div class="stack-trace">org.openqa.selenium.SessionNotCreatedException: session not created
from disconnected: received Inspector.detached event
  (Session info: chrome=96.0.4664.110)
Build info: version: &apos;3.141.59&apos;, revision: &apos;e82be7d358&apos;, time: &apos;2018-11-14T08:17:03&apos;
System info: host: &apos;ADMIN-PC&apos;, ip: &apos;192.168.43.96&apos;, os.name: &apos;Windows 7&apos;, os.arch: &apos;amd64&apos;, os.version: &apos;6.1&apos;, java.version: &apos;1.8.0_311&apos;
Driver info: driver.version: ChromeDriver
remote stacktrace: Backtrace:
	Ordinal0 [0x00EC6903+2517251]
	Ordinal0 [0x00E5F8E1+2095329]
	Ordinal0 [0x00D62848+1058888]
	Ordinal0 [0x00D55AD4+1006292]
	Ordinal0 [0x00D55716+1005334]
	Ordinal0 [0x00D54DDA+1002970]
	Ordinal0 [0x00D53F8D+999309]
	Ordinal0 [0x00D54246+1000006]
	Ordinal0 [0x00D53B35+998197]
	Ordinal0 [0x00D5E924+1042724]
	Ordinal0 [0x00D53AF1+998129]
	Ordinal0 [0x00D549F6+1001974]
	Ordinal0 [0x00D53F8D+999309]
	Ordinal0 [0x00D54246+1000006]
	Ordinal0 [0x00D53B35+998197]
	Ordinal0 [0x00D5C923+1034531]
	Ordinal0 [0x00D53AF1+998129]
	Ordinal0 [0x00D549F6+1001974]
	Ordinal0 [0x00D53F8D+999309]
	Ordinal0 [0x00D54246+1000006]
	Ordinal0 [0x00D53B35+998197]
	Ordinal0 [0x00D5A739+1025849]
	Ordinal0 [0x00D53AF1+998129]
	Ordinal0 [0x00D549F6+1001974]
	Ordinal0 [0x00D53F8D+999309]
	Ordinal0 [0x00D54246+1000006]
	Ordinal0 [0x00D53B35+998197]
	Ordinal0 [0x00D59ABC+1022652]
	Ordinal0 [0x00D53AF1+998129]
	Ordinal0 [0x00D549F6+1001974]
	Ordinal0 [0x00D53F8D+999309]
	Ordinal0 [0x00D54246+1000006]
	Ordinal0 [0x00D53B35+998197]
	Ordinal0 [0x00D4F6ED+980717]
	Ordinal0 [0x00D53AF1+998129]
	Ordinal0 [0x00D53890+997520]
	Ordinal0 [0x00D53629+996905]
	Ordinal0 [0x00D63A60+1063520]
	Ordinal0 [0x00DABA7A+1358458]
	Ordinal0 [0x00DAA71A+1353498]
	Ordinal0 [0x00DA639B+1336219]
	Ordinal0 [0x00D827A7+1189799]
	Ordinal0 [0x00D83609+1193481]
	GetHandleVerifier [0x01055904+1577972]
	GetHandleVerifier [0x01100B97+2279047]
	GetHandleVerifier [0x00F56D09+534521]
	GetHandleVerifier [0x00F55DB9+530601]
	Ordinal0 [0x00E64FF9+2117625]
	Ordinal0 [0x00E698A8+2136232]
	Ordinal0 [0x00E699E2+2136546]
	Ordinal0 [0x00E73541+2176321]
	BaseThreadInitThunk [0x750A338A+18]
	RtlInitializeExceptionChain [0x77419A02+99]
	RtlInitializeExceptionChain [0x774199D5+54]

	at sun.reflect.NativeConstructorAccessorImpl.newInstance0(Native Method)
	at sun.reflect.NativeConstructorAccessorImpl.newInstance(Unknown Source)
	at sun.reflect.DelegatingConstructorAccessorImpl.newInstance(Unknown Source)
	at java.lang.reflect.Constructor.newInstance(Unknown Source)
	at org.openqa.selenium.remote.W3CHandshakeResponse.lambda$errorHandler$0(W3CHandshakeResponse.java:62)
	at org.openqa.selenium.remote.HandshakeResponse.lambda$getResponseFunction$0(HandshakeResponse.java:30)
	at org.openqa.selenium.remote.ProtocolHandshake.lambda$createSession$0(ProtocolHandshake.java:126)
	at java.util.stream.ReferencePipeline$3$1.accept(Unknown Source)
	at java.util.Spliterators$ArraySpliterator.tryAdvance(Unknown Source)
	at java.util.stream.ReferencePipeline.forEachWithCancel(Unknown Source)
	at java.util.stream.AbstractPipeline.copyIntoWithCancel(Unknown Source)
	at java.util.stream.AbstractPipeline.copyInto(Unknown Source)
	at java.util.stream.AbstractPipeline.wrapAndCopyInto(Unknown Source)
	at java.util.stream.FindOps$FindOp.evaluateSequential(Unknown Source)
	at java.util.stream.AbstractPipeline.evaluate(Unknown Source)
	at java.util.stream.ReferencePipeline.findFirst(Unknown Source)
	at org.openqa.selenium.remote.ProtocolHandshake.createSession(ProtocolHandshake.java:128)
	at org.openqa.selenium.remote.ProtocolHandshake.createSession(ProtocolHandshake.java:74)
	at org.openqa.selenium.remote.HttpCommandExecutor.execute(HttpCommandExecutor.java:136)
	at org.openqa.selenium.remote.service.DriverCommandExecutor.execute(DriverCommandExecutor.java:83)
	at org.openqa.selenium.remote.RemoteWebDriver.execute(RemoteWebDriver.java:552)
	at org.openqa.selenium.remote.RemoteWebDriver.startSession(RemoteWebDriver.java:213)
	at org.openqa.selenium.remote.RemoteWebDriver.&lt;init&gt;(RemoteWebDriver.java:131)
	at org.openqa.selenium.chrome.ChromeDriver.&lt;init&gt;(ChromeDriver.java:181)
	at org.openqa.selenium.chrome.ChromeDriver.&lt;init&gt;(ChromeDriver.java:168)
	at org.openqa.selenium.chrome.ChromeDriver.&lt;init&gt;(ChromeDriver.java:123)
	at com.generic.BaseTest.itializeWebEnvironment(BaseTest.java:23)
	at com.scripts.AutomationPracticeTest.beforeMainMethod(AutomationPracticeTest.java:37)
	at sun.reflect.NativeMethodAccessorImpl.invoke0(Native Method)
	at sun.reflect.NativeMethodAccessorImpl.invoke(Unknown Source)
	at sun.reflect.DelegatingMethodAccessorImpl.invoke(Unknown Source)
	at java.lang.reflect.Method.invoke(Unknown Source)
	at org.testng.internal.MethodInvocationHelper.invokeMethod(MethodInvocationHelper.java:124)
	at org.testng.internal.MethodInvocationHelper.invokeMethodConsideringTimeout(MethodInvocationHelper.java:59)
	at org.testng.internal.Invoker.invokeConfigurationMethod(Invoker.java:458)
	at org.testng.internal.Invoker.invokeConfigurations(Invoker.java:222)
	at org.testng.internal.Invoker.invokeConfigurations(Invoker.java:142)
	at org.testng.internal.TestMethodWorker.invokeBeforeClassMethods(TestMethodWorker.java:168)
	at org.testng.internal.TestMethodWorker.run(TestMethodWorker.java:105)
	at org.testng.TestRunner.privateRun(TestRunner.java:648)
	at org.testng.TestRunner.run(TestRunner.java:505)
	at org.testng.SuiteRunner.runTest(SuiteRunner.java:455)
	at org.testng.SuiteRunner.runSequentially(SuiteRunner.java:450)
	at org.testng.SuiteRunner.privateRun(SuiteRunner.java:415)
	at org.testng.SuiteRunner.run(SuiteRunner.java:364)
	at org.testng.SuiteRunnerWorker.runSuite(SuiteRunnerWorker.java:52)
	at org.testng.SuiteRunnerWorker.run(SuiteRunnerWorker.java:84)
	at org.testng.TestNG.runSuitesSequentially(TestNG.java:1208)
	at org.testng.TestNG.runSuitesLocally(TestNG.java:1137)
	at org.testng.TestNG.runSuites(TestNG.java:1049)
	at org.testng.TestNG.run(TestNG.java:1017)
	at org.testng.remote.AbstractRemoteTestNG.run(AbstractRemoteTestNG.java:114)
	at org.testng.remote.RemoteTestNG.initAndRun(RemoteTestNG.java:251)
	at org.testng.remote.RemoteTestNG.main(RemoteTestNG.java:77)

</div> <!-- stack-trace -->
                </div> <!-- method-content -->
              </div> <!-- method -->
              <div class="method">
                <div class="method-content">
                  <a name="TCID_103_GetAllLinksOnSummerDressesPage">
                  </a> <!-- TCID_103_GetAllLinksOnSummerDressesPage -->
                  <span class="method-name">TCID_103_GetAllLinksOnSummerDressesPage</span>
                  <div class="stack-trace">org.openqa.selenium.SessionNotCreatedException: session not created
from disconnected: received Inspector.detached event
  (Session info: chrome=96.0.4664.110)
Build info: version: &apos;3.141.59&apos;, revision: &apos;e82be7d358&apos;, time: &apos;2018-11-14T08:17:03&apos;
System info: host: &apos;ADMIN-PC&apos;, ip: &apos;192.168.43.96&apos;, os.name: &apos;Windows 7&apos;, os.arch: &apos;amd64&apos;, os.version: &apos;6.1&apos;, java.version: &apos;1.8.0_311&apos;
Driver info: driver.version: ChromeDriver
remote stacktrace: Backtrace:
	Ordinal0 [0x00EC6903+2517251]
	Ordinal0 [0x00E5F8E1+2095329]
	Ordinal0 [0x00D62848+1058888]
	Ordinal0 [0x00D55AD4+1006292]
	Ordinal0 [0x00D55716+1005334]
	Ordinal0 [0x00D54DDA+1002970]
	Ordinal0 [0x00D53F8D+999309]
	Ordinal0 [0x00D54246+1000006]
	Ordinal0 [0x00D53B35+998197]
	Ordinal0 [0x00D5E924+1042724]
	Ordinal0 [0x00D53AF1+998129]
	Ordinal0 [0x00D549F6+1001974]
	Ordinal0 [0x00D53F8D+999309]
	Ordinal0 [0x00D54246+1000006]
	Ordinal0 [0x00D53B35+998197]
	Ordinal0 [0x00D5C923+1034531]
	Ordinal0 [0x00D53AF1+998129]
	Ordinal0 [0x00D549F6+1001974]
	Ordinal0 [0x00D53F8D+999309]
	Ordinal0 [0x00D54246+1000006]
	Ordinal0 [0x00D53B35+998197]
	Ordinal0 [0x00D5A739+1025849]
	Ordinal0 [0x00D53AF1+998129]
	Ordinal0 [0x00D549F6+1001974]
	Ordinal0 [0x00D53F8D+999309]
	Ordinal0 [0x00D54246+1000006]
	Ordinal0 [0x00D53B35+998197]
	Ordinal0 [0x00D59ABC+1022652]
	Ordinal0 [0x00D53AF1+998129]
	Ordinal0 [0x00D549F6+1001974]
	Ordinal0 [0x00D53F8D+999309]
	Ordinal0 [0x00D54246+1000006]
	Ordinal0 [0x00D53B35+998197]
	Ordinal0 [0x00D4F6ED+980717]
	Ordinal0 [0x00D53AF1+998129]
	Ordinal0 [0x00D53890+997520]
	Ordinal0 [0x00D53629+996905]
	Ordinal0 [0x00D63A60+1063520]
	Ordinal0 [0x00DABA7A+1358458]
	Ordinal0 [0x00DAA71A+1353498]
	Ordinal0 [0x00DA639B+1336219]
	Ordinal0 [0x00D827A7+1189799]
	Ordinal0 [0x00D83609+1193481]
	GetHandleVerifier [0x01055904+1577972]
	GetHandleVerifier [0x01100B97+2279047]
	GetHandleVerifier [0x00F56D09+534521]
	GetHandleVerifier [0x00F55DB9+530601]
	Ordinal0 [0x00E64FF9+2117625]
	Ordinal0 [0x00E698A8+2136232]
	Ordinal0 [0x00E699E2+2136546]
	Ordinal0 [0x00E73541+2176321]
	BaseThreadInitThunk [0x750A338A+18]
	RtlInitializeExceptionChain [0x77419A02+99]
	RtlInitializeExceptionChain [0x774199D5+54]

	at sun.reflect.NativeConstructorAccessorImpl.newInstance0(Native Method)
	at sun.reflect.NativeConstructorAccessorImpl.newInstance(Unknown Source)
	at sun.reflect.DelegatingConstructorAccessorImpl.newInstance(Unknown Source)
	at java.lang.reflect.Constructor.newInstance(Unknown Source)
	at org.openqa.selenium.remote.W3CHandshakeResponse.lambda$errorHandler$0(W3CHandshakeResponse.java:62)
	at org.openqa.selenium.remote.HandshakeResponse.lambda$getResponseFunction$0(HandshakeResponse.java:30)
	at org.openqa.selenium.remote.ProtocolHandshake.lambda$createSession$0(ProtocolHandshake.java:126)
	at java.util.stream.ReferencePipeline$3$1.accept(Unknown Source)
	at java.util.Spliterators$ArraySpliterator.tryAdvance(Unknown Source)
	at java.util.stream.ReferencePipeline.forEachWithCancel(Unknown Source)
	at java.util.stream.AbstractPipeline.copyIntoWithCancel(Unknown Source)
	at java.util.stream.AbstractPipeline.copyInto(Unknown Source)
	at java.util.stream.AbstractPipeline.wrapAndCopyInto(Unknown Source)
	at java.util.stream.FindOps$FindOp.evaluateSequential(Unknown Source)
	at java.util.stream.AbstractPipeline.evaluate(Unknown Source)
	at java.util.stream.ReferencePipeline.findFirst(Unknown Source)
	at org.openqa.selenium.remote.ProtocolHandshake.createSession(ProtocolHandshake.java:128)
	at org.openqa.selenium.remote.ProtocolHandshake.createSession(ProtocolHandshake.java:74)
	at org.openqa.selenium.remote.HttpCommandExecutor.execute(HttpCommandExecutor.java:136)
	at org.openqa.selenium.remote.service.DriverCommandExecutor.execute(DriverCommandExecutor.java:83)
	at org.openqa.selenium.remote.RemoteWebDriver.execute(RemoteWebDriver.java:552)
	at org.openqa.selenium.remote.RemoteWebDriver.startSession(RemoteWebDriver.java:213)
	at org.openqa.selenium.remote.RemoteWebDriver.&lt;init&gt;(RemoteWebDriver.java:131)
	at org.openqa.selenium.chrome.ChromeDriver.&lt;init&gt;(ChromeDriver.java:181)
	at org.openqa.selenium.chrome.ChromeDriver.&lt;init&gt;(ChromeDriver.java:168)
	at org.openqa.selenium.chrome.ChromeDriver.&lt;init&gt;(ChromeDriver.java:123)
	at com.generic.BaseTest.itializeWebEnvironment(BaseTest.java:23)
	at com.scripts.AutomationPracticeTest.beforeMainMethod(AutomationPracticeTest.java:37)
	at sun.reflect.NativeMethodAccessorImpl.invoke0(Native Method)
	at sun.reflect.NativeMethodAccessorImpl.invoke(Unknown Source)
	at sun.reflect.DelegatingMethodAccessorImpl.invoke(Unknown Source)
	at java.lang.reflect.Method.invoke(Unknown Source)
	at org.testng.internal.MethodInvocationHelper.invokeMethod(MethodInvocationHelper.java:124)
	at org.testng.internal.MethodInvocationHelper.invokeMethodConsideringTimeout(MethodInvocationHelper.java:59)
	at org.testng.internal.Invoker.invokeConfigurationMethod(Invoker.java:458)
	at org.testng.internal.Invoker.invokeConfigurations(Invoker.java:222)
	at org.testng.internal.Invoker.invokeConfigurations(Invoker.java:142)
	at org.testng.internal.TestMethodWorker.invokeBeforeClassMethods(TestMethodWorker.java:168)
	at org.testng.internal.TestMethodWorker.run(TestMethodWorker.java:105)
	at org.testng.TestRunner.privateRun(TestRunner.java:648)
	at org.testng.TestRunner.run(TestRunner.java:505)
	at org.testng.SuiteRunner.runTest(SuiteRunner.java:455)
	at org.testng.SuiteRunner.runSequentially(SuiteRunner.java:450)
	at org.testng.SuiteRunner.privateRun(SuiteRunner.java:415)
	at org.testng.SuiteRunner.run(SuiteRunner.java:364)
	at org.testng.SuiteRunnerWorker.runSuite(SuiteRunnerWorker.java:52)
	at org.testng.SuiteRunnerWorker.run(SuiteRunnerWorker.java:84)
	at org.testng.TestNG.runSuitesSequentially(TestNG.java:1208)
	at org.testng.TestNG.runSuitesLocally(TestNG.java:1137)
	at org.testng.TestNG.runSuites(TestNG.java:1049)
	at org.testng.TestNG.run(TestNG.java:1017)
	at org.testng.remote.AbstractRemoteTestNG.run(AbstractRemoteTestNG.java:114)
	at org.testng.remote.RemoteTestNG.initAndRun(RemoteTestNG.java:251)
	at org.testng.remote.RemoteTestNG.main(RemoteTestNG.java:77)

</div> <!-- stack-trace -->
                </div> <!-- method-content -->
              </div> <!-- method -->
              <div class="method">
                <div class="method-content">
                  <a name="TCID_104_VerifyAllLinksOnPage">
                  </a> <!-- TCID_104_VerifyAllLinksOnPage -->
                  <span class="method-name">TCID_104_VerifyAllLinksOnPage</span>
                  <div class="stack-trace">org.openqa.selenium.SessionNotCreatedException: session not created
from disconnected: received Inspector.detached event
  (Session info: chrome=96.0.4664.110)
Build info: version: &apos;3.141.59&apos;, revision: &apos;e82be7d358&apos;, time: &apos;2018-11-14T08:17:03&apos;
System info: host: &apos;ADMIN-PC&apos;, ip: &apos;192.168.43.96&apos;, os.name: &apos;Windows 7&apos;, os.arch: &apos;amd64&apos;, os.version: &apos;6.1&apos;, java.version: &apos;1.8.0_311&apos;
Driver info: driver.version: ChromeDriver
remote stacktrace: Backtrace:
	Ordinal0 [0x00EC6903+2517251]
	Ordinal0 [0x00E5F8E1+2095329]
	Ordinal0 [0x00D62848+1058888]
	Ordinal0 [0x00D55AD4+1006292]
	Ordinal0 [0x00D55716+1005334]
	Ordinal0 [0x00D54DDA+1002970]
	Ordinal0 [0x00D53F8D+999309]
	Ordinal0 [0x00D54246+1000006]
	Ordinal0 [0x00D53B35+998197]
	Ordinal0 [0x00D5E924+1042724]
	Ordinal0 [0x00D53AF1+998129]
	Ordinal0 [0x00D549F6+1001974]
	Ordinal0 [0x00D53F8D+999309]
	Ordinal0 [0x00D54246+1000006]
	Ordinal0 [0x00D53B35+998197]
	Ordinal0 [0x00D5C923+1034531]
	Ordinal0 [0x00D53AF1+998129]
	Ordinal0 [0x00D549F6+1001974]
	Ordinal0 [0x00D53F8D+999309]
	Ordinal0 [0x00D54246+1000006]
	Ordinal0 [0x00D53B35+998197]
	Ordinal0 [0x00D5A739+1025849]
	Ordinal0 [0x00D53AF1+998129]
	Ordinal0 [0x00D549F6+1001974]
	Ordinal0 [0x00D53F8D+999309]
	Ordinal0 [0x00D54246+1000006]
	Ordinal0 [0x00D53B35+998197]
	Ordinal0 [0x00D59ABC+1022652]
	Ordinal0 [0x00D53AF1+998129]
	Ordinal0 [0x00D549F6+1001974]
	Ordinal0 [0x00D53F8D+999309]
	Ordinal0 [0x00D54246+1000006]
	Ordinal0 [0x00D53B35+998197]
	Ordinal0 [0x00D4F6ED+980717]
	Ordinal0 [0x00D53AF1+998129]
	Ordinal0 [0x00D53890+997520]
	Ordinal0 [0x00D53629+996905]
	Ordinal0 [0x00D63A60+1063520]
	Ordinal0 [0x00DABA7A+1358458]
	Ordinal0 [0x00DAA71A+1353498]
	Ordinal0 [0x00DA639B+1336219]
	Ordinal0 [0x00D827A7+1189799]
	Ordinal0 [0x00D83609+1193481]
	GetHandleVerifier [0x01055904+1577972]
	GetHandleVerifier [0x01100B97+2279047]
	GetHandleVerifier [0x00F56D09+534521]
	GetHandleVerifier [0x00F55DB9+530601]
	Ordinal0 [0x00E64FF9+2117625]
	Ordinal0 [0x00E698A8+2136232]
	Ordinal0 [0x00E699E2+2136546]
	Ordinal0 [0x00E73541+2176321]
	BaseThreadInitThunk [0x750A338A+18]
	RtlInitializeExceptionChain [0x77419A02+99]
	RtlInitializeExceptionChain [0x774199D5+54]

	at sun.reflect.NativeConstructorAccessorImpl.newInstance0(Native Method)
	at sun.reflect.NativeConstructorAccessorImpl.newInstance(Unknown Source)
	at sun.reflect.DelegatingConstructorAccessorImpl.newInstance(Unknown Source)
	at java.lang.reflect.Constructor.newInstance(Unknown Source)
	at org.openqa.selenium.remote.W3CHandshakeResponse.lambda$errorHandler$0(W3CHandshakeResponse.java:62)
	at org.openqa.selenium.remote.HandshakeResponse.lambda$getResponseFunction$0(HandshakeResponse.java:30)
	at org.openqa.selenium.remote.ProtocolHandshake.lambda$createSession$0(ProtocolHandshake.java:126)
	at java.util.stream.ReferencePipeline$3$1.accept(Unknown Source)
	at java.util.Spliterators$ArraySpliterator.tryAdvance(Unknown Source)
	at java.util.stream.ReferencePipeline.forEachWithCancel(Unknown Source)
	at java.util.stream.AbstractPipeline.copyIntoWithCancel(Unknown Source)
	at java.util.stream.AbstractPipeline.copyInto(Unknown Source)
	at java.util.stream.AbstractPipeline.wrapAndCopyInto(Unknown Source)
	at java.util.stream.FindOps$FindOp.evaluateSequential(Unknown Source)
	at java.util.stream.AbstractPipeline.evaluate(Unknown Source)
	at java.util.stream.ReferencePipeline.findFirst(Unknown Source)
	at org.openqa.selenium.remote.ProtocolHandshake.createSession(ProtocolHandshake.java:128)
	at org.openqa.selenium.remote.ProtocolHandshake.createSession(ProtocolHandshake.java:74)
	at org.openqa.selenium.remote.HttpCommandExecutor.execute(HttpCommandExecutor.java:136)
	at org.openqa.selenium.remote.service.DriverCommandExecutor.execute(DriverCommandExecutor.java:83)
	at org.openqa.selenium.remote.RemoteWebDriver.execute(RemoteWebDriver.java:552)
	at org.openqa.selenium.remote.RemoteWebDriver.startSession(RemoteWebDriver.java:213)
	at org.openqa.selenium.remote.RemoteWebDriver.&lt;init&gt;(RemoteWebDriver.java:131)
	at org.openqa.selenium.chrome.ChromeDriver.&lt;init&gt;(ChromeDriver.java:181)
	at org.openqa.selenium.chrome.ChromeDriver.&lt;init&gt;(ChromeDriver.java:168)
	at org.openqa.selenium.chrome.ChromeDriver.&lt;init&gt;(ChromeDriver.java:123)
	at com.generic.BaseTest.itializeWebEnvironment(BaseTest.java:23)
	at com.scripts.AutomationPracticeTest.beforeMainMethod(AutomationPracticeTest.java:37)
	at sun.reflect.NativeMethodAccessorImpl.invoke0(Native Method)
	at sun.reflect.NativeMethodAccessorImpl.invoke(Unknown Source)
	at sun.reflect.DelegatingMethodAccessorImpl.invoke(Unknown Source)
	at java.lang.reflect.Method.invoke(Unknown Source)
	at org.testng.internal.MethodInvocationHelper.invokeMethod(MethodInvocationHelper.java:124)
	at org.testng.internal.MethodInvocationHelper.invokeMethodConsideringTimeout(MethodInvocationHelper.java:59)
	at org.testng.internal.Invoker.invokeConfigurationMethod(Invoker.java:458)
	at org.testng.internal.Invoker.invokeConfigurations(Invoker.java:222)
	at org.testng.internal.Invoker.invokeConfigurations(Invoker.java:142)
	at org.testng.internal.TestMethodWorker.invokeBeforeClassMethods(TestMethodWorker.java:168)
	at org.testng.internal.TestMethodWorker.run(TestMethodWorker.java:105)
	at org.testng.TestRunner.privateRun(TestRunner.java:648)
	at org.testng.TestRunner.run(TestRunner.java:505)
	at org.testng.SuiteRunner.runTest(SuiteRunner.java:455)
	at org.testng.SuiteRunner.runSequentially(SuiteRunner.java:450)
	at org.testng.SuiteRunner.privateRun(SuiteRunner.java:415)
	at org.testng.SuiteRunner.run(SuiteRunner.java:364)
	at org.testng.SuiteRunnerWorker.runSuite(SuiteRunnerWorker.java:52)
	at org.testng.SuiteRunnerWorker.run(SuiteRunnerWorker.java:84)
	at org.testng.TestNG.runSuitesSequentially(TestNG.java:1208)
	at org.testng.TestNG.runSuitesLocally(TestNG.java:1137)
	at org.testng.TestNG.runSuites(TestNG.java:1049)
	at org.testng.TestNG.run(TestNG.java:1017)
	at org.testng.remote.AbstractRemoteTestNG.run(AbstractRemoteTestNG.java:114)
	at org.testng.remote.RemoteTestNG.initAndRun(RemoteTestNG.java:251)
	at org.testng.remote.RemoteTestNG.main(RemoteTestNG.java:77)

</div> <!-- stack-trace -->
                </div> <!-- method-content -->
              </div> <!-- method -->
            </div> <!-- main-panel-content rounded-window-bottom -->
          </div> <!-- suite-Default_suite-class-skipped -->
        </div> <!-- panel Default_suite -->
        <div panel-name="test-xml-Default_suite" class="panel">
          <div class="main-panel-header rounded-window-top">
            <span class="header-content">C:\Users\admin\AppData\Local\Temp\testng-eclipse-731564831\testng-customsuite.xml</span>
          </div> <!-- main-panel-header rounded-window-top -->
          <div class="main-panel-content rounded-window-bottom">
            <pre>
&lt;?xml version=&quot;1.0&quot; encoding=&quot;UTF-8&quot;?&gt;
&lt;!DOCTYPE suite SYSTEM &quot;http://testng.org/testng-1.0.dtd&quot;&gt;
&lt;suite guice-stage=&quot;DEVELOPMENT&quot; name=&quot;Default suite&quot;&gt;
  &lt;test thread-count=&quot;5&quot; verbose=&quot;2&quot; name=&quot;Default test&quot;&gt;
    &lt;classes&gt;
      &lt;class name=&quot;com.scripts.AutomationPracticeTest&quot;/&gt;
    &lt;/classes&gt;
  &lt;/test&gt; &lt;!-- Default test --&gt;
&lt;/suite&gt; &lt;!-- Default suite --&gt;
            </pre>
          </div> <!-- main-panel-content rounded-window-bottom -->
        </div> <!-- panel -->
        <div panel-name="testlist-Default_suite" class="panel">
          <div class="main-panel-header rounded-window-top">
            <span class="header-content">Tests for Default suite</span>
          </div> <!-- main-panel-header rounded-window-top -->
          <div class="main-panel-content rounded-window-bottom">
            <ul>
              <li>
                <span class="test-name">Default test (1 class)</span>
              </li>
            </ul>
          </div> <!-- main-panel-content rounded-window-bottom -->
        </div> <!-- panel -->
        <div panel-name="group-Default_suite" class="panel">
          <div class="main-panel-header rounded-window-top">
            <span class="header-content">Groups for Default suite</span>
          </div> <!-- main-panel-header rounded-window-top -->
          <div class="main-panel-content rounded-window-bottom">
          </div> <!-- main-panel-content rounded-window-bottom -->
        </div> <!-- panel -->
        <div panel-name="times-Default_suite" class="panel">
          <div class="main-panel-header rounded-window-top">
            <span class="header-content">Times for Default suite</span>
          </div> <!-- main-panel-header rounded-window-top -->
          <div class="main-panel-content rounded-window-bottom">
            <div class="times-div">
              <script type="text/javascript">
suiteTableInitFunctions.push('tableData_Default_suite');
function tableData_Default_suite() {
var data = new google.visualization.DataTable();
data.addColumn('number', 'Number');
data.addColumn('string', 'Method');
data.addColumn('string', 'Class');
data.addColumn('number', 'Time (ms)');
data.addRows(4);
data.setCell(0, 0, 0)
data.setCell(0, 1, 'TCID_102_VerifyProductIsAddedToCart')
data.setCell(0, 2, 'com.scripts.AutomationPracticeTest')
data.setCell(0, 3, 0);
data.setCell(1, 0, 1)
data.setCell(1, 1, 'TCID_104_VerifyAllLinksOnPage')
data.setCell(1, 2, 'com.scripts.AutomationPracticeTest')
data.setCell(1, 3, 0);
data.setCell(2, 0, 2)
data.setCell(2, 1, 'TCID_101_VerifySignInFunctionality')
data.setCell(2, 2, 'com.scripts.AutomationPracticeTest')
data.setCell(2, 3, 0);
data.setCell(3, 0, 3)
data.setCell(3, 1, 'TCID_103_GetAllLinksOnSummerDressesPage')
data.setCell(3, 2, 'com.scripts.AutomationPracticeTest')
data.setCell(3, 3, 0);
window.suiteTableData['Default_suite']= { tableData: data, tableDiv: 'times-div-Default_suite'}
return data;
}
              </script>
              <span class="suite-total-time">Total running time: 0 ms</span>
              <div id="times-div-Default_suite">
              </div> <!-- times-div-Default_suite -->
            </div> <!-- times-div -->
          </div> <!-- main-panel-content rounded-window-bottom -->
        </div> <!-- panel -->
        <div panel-name="reporter-Default_suite" class="panel">
          <div class="main-panel-header rounded-window-top">
            <span class="header-content">Reporter output for Default suite</span>
          </div> <!-- main-panel-header rounded-window-top -->
          <div class="main-panel-content rounded-window-bottom">
          </div> <!-- main-panel-content rounded-window-bottom -->
        </div> <!-- panel -->
        <div panel-name="ignored-methods-Default_suite" class="panel">
          <div class="main-panel-header rounded-window-top">
            <span class="header-content">0 ignored methods</span>
          </div> <!-- main-panel-header rounded-window-top -->
          <div class="main-panel-content rounded-window-bottom">
          </div> <!-- main-panel-content rounded-window-bottom -->
        </div> <!-- panel -->
        <div panel-name="chronological-Default_suite" class="panel">
          <div class="main-panel-header rounded-window-top">
            <span class="header-content">Methods in chronological order</span>
          </div> <!-- main-panel-header rounded-window-top -->
          <div class="main-panel-content rounded-window-bottom">
            <div class="chronological-class">
              <div class="chronological-class-name">com.scripts.AutomationPracticeTest</div> <!-- chronological-class-name -->
              <div class="configuration-class before">
                <img src="failed.png">
                </img>
                <span class="method-name">beforeMainMethod</span>
                <span class="method-start">0 ms</span>
              </div> <!-- configuration-class before -->
              <div class="test-method">
                <span class="method-name">TCID_101_VerifySignInFunctionality</span>
                <span class="method-start">-1640621226697 ms</span>
              </div> <!-- test-method -->
              <div class="test-method">
                <span class="method-name">TCID_102_VerifyProductIsAddedToCart</span>
                <span class="method-start">-1640621226697 ms</span>
              </div> <!-- test-method -->
              <div class="test-method">
                <span class="method-name">TCID_103_GetAllLinksOnSummerDressesPage</span>
                <span class="method-start">-1640621226697 ms</span>
              </div> <!-- test-method -->
              <div class="test-method">
                <span class="method-name">TCID_104_VerifyAllLinksOnPage</span>
                <span class="method-start">-1640621226697 ms</span>
              </div> <!-- test-method -->
          </div> <!-- main-panel-content rounded-window-bottom -->
        </div> <!-- panel -->
      </div> <!-- main-panel-root -->
    </div> <!-- wrapper -->
  </body>
</html>
