<?xml version="1.0" encoding="UTF-8"?>
<!-- Generated by org.testng.reporters.JUnitXMLReporter -->
<testsuite hostname="admin-PC" ignored="0" name="Automation Practice Test" tests="4" failures="1" timestamp="26 Dec 2021 21:42:19 GMT" time="45.997" errors="0">
  <testcase name="TCID_101_VerifySignInFunctionality" time="5.939" classname="com.scripts.AutomationPracticeTest"/>
  <testcase name="TCID_102_VerifyProductIsAddedToCart" time="19.738" classname="com.scripts.AutomationPracticeTest">
    <failure type="java.lang.AssertionError" message="expected [true] but found [false]">
      <![CDATA[java.lang.AssertionError: expected [true] but found [false]
at com.pageFactory.SummerDressesPage.clickOnAddToCartPrintedChiffonDressOnSummerDressesPage(SummerDressesPage.java:51)
at com.flows.AddToCartFlow.addProductToCart(AddToCartFlow.java:25)
at com.scripts.AutomationPracticeTest.TCID_102_VerifyProductIsAddedToCart(AutomationPracticeTest.java:60)
... Removed 29 stack frames]]>
    </failure>
  </testcase> <!-- TCID_102_VerifyProductIsAddedToCart -->
  <testcase name="TCID_103_GetAllLinksOnSummerDressesPage" time="0.009" classname="com.scripts.AutomationPracticeTest"/>
  <testcase name="TCID_104_VerifyAllLinksOnPage" time="5.626" classname="com.scripts.AutomationPracticeTest"/>
</testsuite> <!-- Automation Practice Test -->
