<html>
<head>
<title>TestNG:  Default test</title>
<link href="../testng.css" rel="stylesheet" type="text/css" />
<link href="../my-testng.css" rel="stylesheet" type="text/css" />

<style type="text/css">
.log { display: none;} 
.stack-trace { display: none;} 
</style>
<script type="text/javascript">
<!--
function flip(e) {
  current = e.style.display;
  if (current == 'block') {
    e.style.display = 'none';
    return 0;
  }
  else {
    e.style.display = 'block';
    return 1;
  }
}

function toggleBox(szDivId, elem, msg1, msg2)
{
  var res = -1;  if (document.getElementById) {
    res = flip(document.getElementById(szDivId));
  }
  else if (document.all) {
    // this is the way old msie versions work
    res = flip(document.all[szDivId]);
  }
  if(elem) {
    if(res == 0) elem.innerHTML = msg1; else elem.innerHTML = msg2;
  }

}

function toggleAllBoxes() {
  if (document.getElementsByTagName) {
    d = document.getElementsByTagName('div');
    for (i = 0; i < d.length; i++) {
      if (d[i].className == 'log') {
        flip(d[i]);
      }
    }
  }
}

// -->
</script>

</head>
<body>
<h2 align='center'>Default test</h2><table border='1' align="center">
<tr>
<td>Tests passed/Failed/Skipped:</td><td>0/0/4</td>
</tr><tr>
<td>Started on:</td><td>Mon Dec 27 21:37:06 IST 2021</td>
</tr>
<tr><td>Total time:</td><td>35 seconds (35090 ms)</td>
</tr><tr>
<td>Included groups:</td><td></td>
</tr><tr>
<td>Excluded groups:</td><td></td>
</tr>
</table><p/>
<small><i>(Hover the method name to see the test class name)</i></small><p/>
<table width='100%' border='1' class='invocation-failed'>
<tr><td colspan='4' align='center'><b>FAILED CONFIGURATIONS</b></td></tr>
<tr><td><b>Test method</b></td>
<td width="30%"><b>Exception</b></td>
<td width="10%"><b>Time (seconds)</b></td>
<td><b>Instance</b></td>
</tr>
<tr>
<td title='com.scripts.AutomationPracticeTest.beforeMainMethod()'><b>beforeMainMethod</b><br>Test class: com.scripts.AutomationPracticeTest</td>
<td><div><pre>org.openqa.selenium.SessionNotCreatedException: session not created
from disconnected: received Inspector.detached event
  (Session info: chrome=96.0.4664.110)
Build info: version: &apos;3.141.59&apos;, revision: &apos;e82be7d358&apos;, time: &apos;2018-11-14T08:17:03&apos;
System info: host: &apos;ADMIN-PC&apos;, ip: &apos;192.168.43.96&apos;, os.name: &apos;Windows 7&apos;, os.arch: &apos;amd64&apos;, os.version: &apos;6.1&apos;, java.version: &apos;1.8.0_311&apos;
Driver info: driver.version: ChromeDriver
remote stacktrace: Backtrace:
	Ordinal0 [0x00EC6903+2517251]
	Ordinal0 [0x00E5F8E1+2095329]
	Ordinal0 [0x00D62848+1058888]
	Ordinal0 [0x00D55AD4+1006292]
	Ordinal0 [0x00D55716+1005334]
	Ordinal0 [0x00D54DDA+1002970]
	Ordinal0 [0x00D53F8D+999309]
	Ordinal0 [0x00D54246+1000006]
	Ordinal0 [0x00D53B35+998197]
	Ordinal0 [0x00D5E924+1042724]
	Ordinal0 [0x00D53AF1+998129]
	Ordinal0 [0x00D549F6+1001974]
	Ordinal0 [0x00D53F8D+999309]
	Ordinal0 [0x00D54246+1000006]
	Ordinal0 [0x00D53B35+998197]
	Ordinal0 [0x00D5C923+1034531]
	Ordinal0 [0x00D53AF1+998129]
	Ordinal0 [0x00D549F6+1001974]
	Ordinal0 [0x00D53F8D+999309]
	Ordinal0 [0x00D54246+1000006]
	Ordinal0 [0x00D53B35+998197]
	Ordinal0 [0x00D5A739+1025849]
	Ordinal0 [0x00D53AF1+998129]
	Ordinal0 [0x00D549F6+1001974]
	Ordinal0 [0x00D53F8D+999309]
	Ordinal0 [0x00D54246+1000006]
	Ordinal0 [0x00D53B35+998197]
	Ordinal0 [0x00D59ABC+1022652]
	Ordinal0 [0x00D53AF1+998129]
	Ordinal0 [0x00D549F6+1001974]
	Ordinal0 [0x00D53F8D+999309]
	Ordinal0 [0x00D54246+1000006]
	Ordinal0 [0x00D53B35+998197]
	Ordinal0 [0x00D4F6ED+980717]
	Ordinal0 [0x00D53AF1+998129]
	Ordinal0 [0x00D53890+997520]
	Ordinal0 [0x00D53629+996905]
	Ordinal0 [0x00D63A60+1063520]
	Ordinal0 [0x00DABA7A+1358458]
	Ordinal0 [0x00DAA71A+1353498]
	Ordinal0 [0x00DA639B+1336219]
	Ordinal0 [0x00D827A7+1189799]
	Ordinal0 [0x00D83609+1193481]
	GetHandleVerifier [0x01055904+1577972]
	GetHandleVerifier [0x01100B97+2279047]
	GetHandleVerifier [0x00F56D09+534521]
	GetHandleVerifier [0x00F55DB9+530601]
	Ordinal0 [0x00E64FF9+2117625]
	Ordinal0 [0x00E698A8+2136232]
	Ordinal0 [0x00E699E2+2136546]
	Ordinal0 [0x00E73541+2176321]
	BaseThreadInitThunk [0x750A338A+18]
	RtlInitializeExceptionChain [0x77419A02+99]
	RtlInitializeExceptionChain [0x774199D5+54]

	at sun.reflect.NativeConstructorAccessorImpl.newInstance0(Native Method)
	at sun.reflect.NativeConstructorAccessorImpl.newInstance(Unknown Source)
	at sun.reflect.DelegatingConstructorAccessorImpl.newInstance(Unknown Source)
	at java.lang.reflect.Constructor.newInstance(Unknown Source)
	at org.openqa.selenium.remote.W3CHandshakeResponse.lambda$errorHandler$0(W3CHandshakeResponse.java:62)
	at org.openqa.selenium.remote.HandshakeResponse.lambda$getResponseFunction$0(HandshakeResponse.java:30)
	at org.openqa.selenium.remote.ProtocolHandshake.lambda$createSession$0(ProtocolHandshake.java:126)
	at java.util.stream.ReferencePipeline$3$1.accept(Unknown Source)
	at java.util.Spliterators$ArraySpliterator.tryAdvance(Unknown Source)
	at java.util.stream.ReferencePipeline.forEachWithCancel(Unknown Source)
	at java.util.stream.AbstractPipeline.copyIntoWithCancel(Unknown Source)
	at java.util.stream.AbstractPipeline.copyInto(Unknown Source)
	at java.util.stream.AbstractPipeline.wrapAndCopyInto(Unknown Source)
	at java.util.stream.FindOps$FindOp.evaluateSequential(Unknown Source)
	at java.util.stream.AbstractPipeline.evaluate(Unknown Source)
	at java.util.stream.ReferencePipeline.findFirst(Unknown Source)
	at org.openqa.selenium.remote.ProtocolHandshake.createSession(ProtocolHandshake.java:128)
	at org.openqa.selenium.remote.ProtocolHandshake.createSession(ProtocolHandshake.java:74)
	at org.openqa.selenium.remote.HttpCommandExecutor.execute(HttpCommandExecutor.java:136)
	at org.openqa.selenium.remote.service.DriverCommandExecutor.execute(DriverCommandExecutor.java:83)
	at org.openqa.selenium.remote.RemoteWebDriver.execute(RemoteWebDriver.java:552)
	at org.openqa.selenium.remote.RemoteWebDriver.startSession(RemoteWebDriver.java:213)
	at org.openqa.selenium.remote.RemoteWebDriver.&lt;init&gt;(RemoteWebDriver.java:131)
	at org.openqa.selenium.chrome.ChromeDriver.&lt;init&gt;(ChromeDriver.java:181)
	at org.openqa.selenium.chrome.ChromeDriver.&lt;init&gt;(ChromeDriver.java:168)
	at org.openqa.selenium.chrome.ChromeDriver.&lt;init&gt;(ChromeDriver.java:123)
	at com.generic.BaseTest.itializeWebEnvironment(BaseTest.java:23)
	at com.scripts.AutomationPracticeTest.beforeMainMethod(AutomationPracticeTest.java:37)
	at sun.reflect.NativeMethodAccessorImpl.invoke0(Native Method)
	at sun.reflect.NativeMethodAccessorImpl.invoke(Unknown Source)
	at sun.reflect.DelegatingMethodAccessorImpl.invoke(Unknown Source)
	at java.lang.reflect.Method.invoke(Unknown Source)
	at org.testng.internal.MethodInvocationHelper.invokeMethod(MethodInvocationHelper.java:124)
	at org.testng.internal.MethodInvocationHelper.invokeMethodConsideringTimeout(MethodInvocationHelper.java:59)
	at org.testng.internal.Invoker.invokeConfigurationMethod(Invoker.java:458)
	at org.testng.internal.Invoker.invokeConfigurations(Invoker.java:222)
	at org.testng.internal.Invoker.invokeConfigurations(Invoker.java:142)
	at org.testng.internal.TestMethodWorker.invokeBeforeClassMethods(TestMethodWorker.java:168)
	at org.testng.internal.TestMethodWorker.run(TestMethodWorker.java:105)
	at org.testng.TestRunner.privateRun(TestRunner.java:648)
	at org.testng.TestRunner.run(TestRunner.java:505)
	at org.testng.SuiteRunner.runTest(SuiteRunner.java:455)
	at org.testng.SuiteRunner.runSequentially(SuiteRunner.java:450)
	at org.testng.SuiteRunner.privateRun(SuiteRunner.java:415)
	at org.testng.SuiteRunner.run(SuiteRunner.java:364)
	at org.testng.SuiteRunnerWorker.runSuite(SuiteRunnerWorker.java:52)
	at org.testng.SuiteRunnerWorker.run(SuiteRunnerWorker.java:84)
	at org.testng.TestNG.runSuitesSequentially(TestNG.java:1208)
	at org.testng.TestNG.runSuitesLocally(TestNG.java:1137)
	at org.testng.TestNG.runSuites(TestNG.java:1049)
	at org.testng.TestNG.run(TestNG.java:1017)
	at org.testng.remote.AbstractRemoteTestNG.run(AbstractRemoteTestNG.java:114)
	at org.testng.remote.RemoteTestNG.initAndRun(RemoteTestNG.java:251)
	at org.testng.remote.RemoteTestNG.main(RemoteTestNG.java:77)
</pre></div><a href='#' onClick='toggleBox("stack-trace1824837049", this, "Click to show all stack frames", "Click to hide stack frames")'>Click to show all stack frames</a>
<div class='stack-trace' id='stack-trace1824837049'><pre>org.openqa.selenium.SessionNotCreatedException: session not created
from disconnected: received Inspector.detached event
  (Session info: chrome=96.0.4664.110)
Build info: version: &apos;3.141.59&apos;, revision: &apos;e82be7d358&apos;, time: &apos;2018-11-14T08:17:03&apos;
System info: host: &apos;ADMIN-PC&apos;, ip: &apos;192.168.43.96&apos;, os.name: &apos;Windows 7&apos;, os.arch: &apos;amd64&apos;, os.version: &apos;6.1&apos;, java.version: &apos;1.8.0_311&apos;
Driver info: driver.version: ChromeDriver
remote stacktrace: Backtrace:
	Ordinal0 [0x00EC6903+2517251]
	Ordinal0 [0x00E5F8E1+2095329]
	Ordinal0 [0x00D62848+1058888]
	Ordinal0 [0x00D55AD4+1006292]
	Ordinal0 [0x00D55716+1005334]
	Ordinal0 [0x00D54DDA+1002970]
	Ordinal0 [0x00D53F8D+999309]
	Ordinal0 [0x00D54246+1000006]
	Ordinal0 [0x00D53B35+998197]
	Ordinal0 [0x00D5E924+1042724]
	Ordinal0 [0x00D53AF1+998129]
	Ordinal0 [0x00D549F6+1001974]
	Ordinal0 [0x00D53F8D+999309]
	Ordinal0 [0x00D54246+1000006]
	Ordinal0 [0x00D53B35+998197]
	Ordinal0 [0x00D5C923+1034531]
	Ordinal0 [0x00D53AF1+998129]
	Ordinal0 [0x00D549F6+1001974]
	Ordinal0 [0x00D53F8D+999309]
	Ordinal0 [0x00D54246+1000006]
	Ordinal0 [0x00D53B35+998197]
	Ordinal0 [0x00D5A739+1025849]
	Ordinal0 [0x00D53AF1+998129]
	Ordinal0 [0x00D549F6+1001974]
	Ordinal0 [0x00D53F8D+999309]
	Ordinal0 [0x00D54246+1000006]
	Ordinal0 [0x00D53B35+998197]
	Ordinal0 [0x00D59ABC+1022652]
	Ordinal0 [0x00D53AF1+998129]
	Ordinal0 [0x00D549F6+1001974]
	Ordinal0 [0x00D53F8D+999309]
	Ordinal0 [0x00D54246+1000006]
	Ordinal0 [0x00D53B35+998197]
	Ordinal0 [0x00D4F6ED+980717]
	Ordinal0 [0x00D53AF1+998129]
	Ordinal0 [0x00D53890+997520]
	Ordinal0 [0x00D53629+996905]
	Ordinal0 [0x00D63A60+1063520]
	Ordinal0 [0x00DABA7A+1358458]
	Ordinal0 [0x00DAA71A+1353498]
	Ordinal0 [0x00DA639B+1336219]
	Ordinal0 [0x00D827A7+1189799]
	Ordinal0 [0x00D83609+1193481]
	GetHandleVerifier [0x01055904+1577972]
	GetHandleVerifier [0x01100B97+2279047]
	GetHandleVerifier [0x00F56D09+534521]
	GetHandleVerifier [0x00F55DB9+530601]
	Ordinal0 [0x00E64FF9+2117625]
	Ordinal0 [0x00E698A8+2136232]
	Ordinal0 [0x00E699E2+2136546]
	Ordinal0 [0x00E73541+2176321]
	BaseThreadInitThunk [0x750A338A+18]
	RtlInitializeExceptionChain [0x77419A02+99]
	RtlInitializeExceptionChain [0x774199D5+54]

	at sun.reflect.NativeConstructorAccessorImpl.newInstance0(Native Method)
	at sun.reflect.NativeConstructorAccessorImpl.newInstance(Unknown Source)
	at sun.reflect.DelegatingConstructorAccessorImpl.newInstance(Unknown Source)
	at java.lang.reflect.Constructor.newInstance(Unknown Source)
	at org.openqa.selenium.remote.W3CHandshakeResponse.lambda$errorHandler$0(W3CHandshakeResponse.java:62)
	at org.openqa.selenium.remote.HandshakeResponse.lambda$getResponseFunction$0(HandshakeResponse.java:30)
	at org.openqa.selenium.remote.ProtocolHandshake.lambda$createSession$0(ProtocolHandshake.java:126)
	at java.util.stream.ReferencePipeline$3$1.accept(Unknown Source)
	at java.util.Spliterators$ArraySpliterator.tryAdvance(Unknown Source)
	at java.util.stream.ReferencePipeline.forEachWithCancel(Unknown Source)
	at java.util.stream.AbstractPipeline.copyIntoWithCancel(Unknown Source)
	at java.util.stream.AbstractPipeline.copyInto(Unknown Source)
	at java.util.stream.AbstractPipeline.wrapAndCopyInto(Unknown Source)
	at java.util.stream.FindOps$FindOp.evaluateSequential(Unknown Source)
	at java.util.stream.AbstractPipeline.evaluate(Unknown Source)
	at java.util.stream.ReferencePipeline.findFirst(Unknown Source)
	at org.openqa.selenium.remote.ProtocolHandshake.createSession(ProtocolHandshake.java:128)
	at org.openqa.selenium.remote.ProtocolHandshake.createSession(ProtocolHandshake.java:74)
	at org.openqa.selenium.remote.HttpCommandExecutor.execute(HttpCommandExecutor.java:136)
	at org.openqa.selenium.remote.service.DriverCommandExecutor.execute(DriverCommandExecutor.java:83)
	at org.openqa.selenium.remote.RemoteWebDriver.execute(RemoteWebDriver.java:552)
	at org.openqa.selenium.remote.RemoteWebDriver.startSession(RemoteWebDriver.java:213)
	at org.openqa.selenium.remote.RemoteWebDriver.&lt;init&gt;(RemoteWebDriver.java:131)
	at org.openqa.selenium.chrome.ChromeDriver.&lt;init&gt;(ChromeDriver.java:181)
	at org.openqa.selenium.chrome.ChromeDriver.&lt;init&gt;(ChromeDriver.java:168)
	at org.openqa.selenium.chrome.ChromeDriver.&lt;init&gt;(ChromeDriver.java:123)
	at com.generic.BaseTest.itializeWebEnvironment(BaseTest.java:23)
	at com.scripts.AutomationPracticeTest.beforeMainMethod(AutomationPracticeTest.java:37)
	at sun.reflect.NativeMethodAccessorImpl.invoke0(Native Method)
	at sun.reflect.NativeMethodAccessorImpl.invoke(Unknown Source)
	at sun.reflect.DelegatingMethodAccessorImpl.invoke(Unknown Source)
	at java.lang.reflect.Method.invoke(Unknown Source)
	at org.testng.internal.MethodInvocationHelper.invokeMethod(MethodInvocationHelper.java:124)
	at org.testng.internal.MethodInvocationHelper.invokeMethodConsideringTimeout(MethodInvocationHelper.java:59)
	at org.testng.internal.Invoker.invokeConfigurationMethod(Invoker.java:458)
	at org.testng.internal.Invoker.invokeConfigurations(Invoker.java:222)
	at org.testng.internal.Invoker.invokeConfigurations(Invoker.java:142)
	at org.testng.internal.TestMethodWorker.invokeBeforeClassMethods(TestMethodWorker.java:168)
	at org.testng.internal.TestMethodWorker.run(TestMethodWorker.java:105)
	at org.testng.TestRunner.privateRun(TestRunner.java:648)
	at org.testng.TestRunner.run(TestRunner.java:505)
	at org.testng.SuiteRunner.runTest(SuiteRunner.java:455)
	at org.testng.SuiteRunner.runSequentially(SuiteRunner.java:450)
	at org.testng.SuiteRunner.privateRun(SuiteRunner.java:415)
	at org.testng.SuiteRunner.run(SuiteRunner.java:364)
	at org.testng.SuiteRunnerWorker.runSuite(SuiteRunnerWorker.java:52)
	at org.testng.SuiteRunnerWorker.run(SuiteRunnerWorker.java:84)
	at org.testng.TestNG.runSuitesSequentially(TestNG.java:1208)
	at org.testng.TestNG.runSuitesLocally(TestNG.java:1137)
	at org.testng.TestNG.runSuites(TestNG.java:1049)
	at org.testng.TestNG.run(TestNG.java:1017)
	at org.testng.remote.AbstractRemoteTestNG.run(AbstractRemoteTestNG.java:114)
	at org.testng.remote.RemoteTestNG.initAndRun(RemoteTestNG.java:251)
	at org.testng.remote.RemoteTestNG.main(RemoteTestNG.java:77)
</pre></div></td>
<td>34</td>
<td>com.scripts.AutomationPracticeTest@3ffc5af1</td></tr>
</table><p>
<table width='100%' border='1' class='invocation-skipped'>
<tr><td colspan='4' align='center'><b>SKIPPED CONFIGURATIONS</b></td></tr>
<tr><td><b>Test method</b></td>
<td width="30%"><b>Exception</b></td>
<td width="10%"><b>Time (seconds)</b></td>
<td><b>Instance</b></td>
</tr>
<tr>
<td title='com.scripts.AutomationPracticeTest.afterMethod()'><b>afterMethod</b><br>Test class: com.scripts.AutomationPracticeTest</td>
<td></td>
<td>0</td>
<td>com.scripts.AutomationPracticeTest@3ffc5af1</td></tr>
</table><p>
<table width='100%' border='1' class='invocation-skipped'>
<tr><td colspan='4' align='center'><b>SKIPPED TESTS</b></td></tr>
<tr><td><b>Test method</b></td>
<td width="30%"><b>Exception</b></td>
<td width="10%"><b>Time (seconds)</b></td>
<td><b>Instance</b></td>
</tr>
<tr>
<td title='com.scripts.AutomationPracticeTest.TCID_101_VerifySignInFunctionality()'><b>TCID_101_VerifySignInFunctionality</b><br>Test class: com.scripts.AutomationPracticeTest</td>
<td><div><pre>org.openqa.selenium.SessionNotCreatedException: session not created
from disconnected: received Inspector.detached event
  (Session info: chrome=96.0.4664.110)
Build info: version: &apos;3.141.59&apos;, revision: &apos;e82be7d358&apos;, time: &apos;2018-11-14T08:17:03&apos;
System info: host: &apos;ADMIN-PC&apos;, ip: &apos;192.168.43.96&apos;, os.name: &apos;Windows 7&apos;, os.arch: &apos;amd64&apos;, os.version: &apos;6.1&apos;, java.version: &apos;1.8.0_311&apos;
Driver info: driver.version: ChromeDriver
remote stacktrace: Backtrace:
	Ordinal0 [0x00EC6903+2517251]
	Ordinal0 [0x00E5F8E1+2095329]
	Ordinal0 [0x00D62848+1058888]
	Ordinal0 [0x00D55AD4+1006292]
	Ordinal0 [0x00D55716+1005334]
	Ordinal0 [0x00D54DDA+1002970]
	Ordinal0 [0x00D53F8D+999309]
	Ordinal0 [0x00D54246+1000006]
	Ordinal0 [0x00D53B35+998197]
	Ordinal0 [0x00D5E924+1042724]
	Ordinal0 [0x00D53AF1+998129]
	Ordinal0 [0x00D549F6+1001974]
	Ordinal0 [0x00D53F8D+999309]
	Ordinal0 [0x00D54246+1000006]
	Ordinal0 [0x00D53B35+998197]
	Ordinal0 [0x00D5C923+1034531]
	Ordinal0 [0x00D53AF1+998129]
	Ordinal0 [0x00D549F6+1001974]
	Ordinal0 [0x00D53F8D+999309]
	Ordinal0 [0x00D54246+1000006]
	Ordinal0 [0x00D53B35+998197]
	Ordinal0 [0x00D5A739+1025849]
	Ordinal0 [0x00D53AF1+998129]
	Ordinal0 [0x00D549F6+1001974]
	Ordinal0 [0x00D53F8D+999309]
	Ordinal0 [0x00D54246+1000006]
	Ordinal0 [0x00D53B35+998197]
	Ordinal0 [0x00D59ABC+1022652]
	Ordinal0 [0x00D53AF1+998129]
	Ordinal0 [0x00D549F6+1001974]
	Ordinal0 [0x00D53F8D+999309]
	Ordinal0 [0x00D54246+1000006]
	Ordinal0 [0x00D53B35+998197]
	Ordinal0 [0x00D4F6ED+980717]
	Ordinal0 [0x00D53AF1+998129]
	Ordinal0 [0x00D53890+997520]
	Ordinal0 [0x00D53629+996905]
	Ordinal0 [0x00D63A60+1063520]
	Ordinal0 [0x00DABA7A+1358458]
	Ordinal0 [0x00DAA71A+1353498]
	Ordinal0 [0x00DA639B+1336219]
	Ordinal0 [0x00D827A7+1189799]
	Ordinal0 [0x00D83609+1193481]
	GetHandleVerifier [0x01055904+1577972]
	GetHandleVerifier [0x01100B97+2279047]
	GetHandleVerifier [0x00F56D09+534521]
	GetHandleVerifier [0x00F55DB9+530601]
	Ordinal0 [0x00E64FF9+2117625]
	Ordinal0 [0x00E698A8+2136232]
	Ordinal0 [0x00E699E2+2136546]
	Ordinal0 [0x00E73541+2176321]
	BaseThreadInitThunk [0x750A338A+18]
	RtlInitializeExceptionChain [0x77419A02+99]
	RtlInitializeExceptionChain [0x774199D5+54]

	at sun.reflect.NativeConstructorAccessorImpl.newInstance0(Native Method)
	at sun.reflect.NativeConstructorAccessorImpl.newInstance(Unknown Source)
	at sun.reflect.DelegatingConstructorAccessorImpl.newInstance(Unknown Source)
	at java.lang.reflect.Constructor.newInstance(Unknown Source)
	at org.openqa.selenium.remote.W3CHandshakeResponse.lambda$errorHandler$0(W3CHandshakeResponse.java:62)
	at org.openqa.selenium.remote.HandshakeResponse.lambda$getResponseFunction$0(HandshakeResponse.java:30)
	at org.openqa.selenium.remote.ProtocolHandshake.lambda$createSession$0(ProtocolHandshake.java:126)
	at java.util.stream.ReferencePipeline$3$1.accept(Unknown Source)
	at java.util.Spliterators$ArraySpliterator.tryAdvance(Unknown Source)
	at java.util.stream.ReferencePipeline.forEachWithCancel(Unknown Source)
	at java.util.stream.AbstractPipeline.copyIntoWithCancel(Unknown Source)
	at java.util.stream.AbstractPipeline.copyInto(Unknown Source)
	at java.util.stream.AbstractPipeline.wrapAndCopyInto(Unknown Source)
	at java.util.stream.FindOps$FindOp.evaluateSequential(Unknown Source)
	at java.util.stream.AbstractPipeline.evaluate(Unknown Source)
	at java.util.stream.ReferencePipeline.findFirst(Unknown Source)
	at org.openqa.selenium.remote.ProtocolHandshake.createSession(ProtocolHandshake.java:128)
	at org.openqa.selenium.remote.ProtocolHandshake.createSession(ProtocolHandshake.java:74)
	at org.openqa.selenium.remote.HttpCommandExecutor.execute(HttpCommandExecutor.java:136)
	at org.openqa.selenium.remote.service.DriverCommandExecutor.execute(DriverCommandExecutor.java:83)
	at org.openqa.selenium.remote.RemoteWebDriver.execute(RemoteWebDriver.java:552)
	at org.openqa.selenium.remote.RemoteWebDriver.startSession(RemoteWebDriver.java:213)
	at org.openqa.selenium.remote.RemoteWebDriver.&lt;init&gt;(RemoteWebDriver.java:131)
	at org.openqa.selenium.chrome.ChromeDriver.&lt;init&gt;(ChromeDriver.java:181)
	at org.openqa.selenium.chrome.ChromeDriver.&lt;init&gt;(ChromeDriver.java:168)
	at org.openqa.selenium.chrome.ChromeDriver.&lt;init&gt;(ChromeDriver.java:123)
	at com.generic.BaseTest.itializeWebEnvironment(BaseTest.java:23)
	at com.scripts.AutomationPracticeTest.beforeMainMethod(AutomationPracticeTest.java:37)
	at sun.reflect.NativeMethodAccessorImpl.invoke0(Native Method)
	at sun.reflect.NativeMethodAccessorImpl.invoke(Unknown Source)
	at sun.reflect.DelegatingMethodAccessorImpl.invoke(Unknown Source)
	at java.lang.reflect.Method.invoke(Unknown Source)
	at org.testng.internal.MethodInvocationHelper.invokeMethod(MethodInvocationHelper.java:124)
	at org.testng.internal.MethodInvocationHelper.invokeMethodConsideringTimeout(MethodInvocationHelper.java:59)
	at org.testng.internal.Invoker.invokeConfigurationMethod(Invoker.java:458)
	at org.testng.internal.Invoker.invokeConfigurations(Invoker.java:222)
	at org.testng.internal.Invoker.invokeConfigurations(Invoker.java:142)
	at org.testng.internal.TestMethodWorker.invokeBeforeClassMethods(TestMethodWorker.java:168)
	at org.testng.internal.TestMethodWorker.run(TestMethodWorker.java:105)
	at org.testng.TestRunner.privateRun(TestRunner.java:648)
	at org.testng.TestRunner.run(TestRunner.java:505)
	at org.testng.SuiteRunner.runTest(SuiteRunner.java:455)
	at org.testng.SuiteRunner.runSequentially(SuiteRunner.java:450)
	at org.testng.SuiteRunner.privateRun(SuiteRunner.java:415)
	at org.testng.SuiteRunner.run(SuiteRunner.java:364)
	at org.testng.SuiteRunnerWorker.runSuite(SuiteRunnerWorker.java:52)
	at org.testng.SuiteRunnerWorker.run(SuiteRunnerWorker.java:84)
	at org.testng.TestNG.runSuitesSequentially(TestNG.java:1208)
	at org.testng.TestNG.runSuitesLocally(TestNG.java:1137)
	at org.testng.TestNG.runSuites(TestNG.java:1049)
	at org.testng.TestNG.run(TestNG.java:1017)
	at org.testng.remote.AbstractRemoteTestNG.run(AbstractRemoteTestNG.java:114)
	at org.testng.remote.RemoteTestNG.initAndRun(RemoteTestNG.java:251)
	at org.testng.remote.RemoteTestNG.main(RemoteTestNG.java:77)
</pre></div><a href='#' onClick='toggleBox("stack-trace1670313965", this, "Click to show all stack frames", "Click to hide stack frames")'>Click to show all stack frames</a>
<div class='stack-trace' id='stack-trace1670313965'><pre>org.openqa.selenium.SessionNotCreatedException: session not created
from disconnected: received Inspector.detached event
  (Session info: chrome=96.0.4664.110)
Build info: version: &apos;3.141.59&apos;, revision: &apos;e82be7d358&apos;, time: &apos;2018-11-14T08:17:03&apos;
System info: host: &apos;ADMIN-PC&apos;, ip: &apos;192.168.43.96&apos;, os.name: &apos;Windows 7&apos;, os.arch: &apos;amd64&apos;, os.version: &apos;6.1&apos;, java.version: &apos;1.8.0_311&apos;
Driver info: driver.version: ChromeDriver
remote stacktrace: Backtrace:
	Ordinal0 [0x00EC6903+2517251]
	Ordinal0 [0x00E5F8E1+2095329]
	Ordinal0 [0x00D62848+1058888]
	Ordinal0 [0x00D55AD4+1006292]
	Ordinal0 [0x00D55716+1005334]
	Ordinal0 [0x00D54DDA+1002970]
	Ordinal0 [0x00D53F8D+999309]
	Ordinal0 [0x00D54246+1000006]
	Ordinal0 [0x00D53B35+998197]
	Ordinal0 [0x00D5E924+1042724]
	Ordinal0 [0x00D53AF1+998129]
	Ordinal0 [0x00D549F6+1001974]
	Ordinal0 [0x00D53F8D+999309]
	Ordinal0 [0x00D54246+1000006]
	Ordinal0 [0x00D53B35+998197]
	Ordinal0 [0x00D5C923+1034531]
	Ordinal0 [0x00D53AF1+998129]
	Ordinal0 [0x00D549F6+1001974]
	Ordinal0 [0x00D53F8D+999309]
	Ordinal0 [0x00D54246+1000006]
	Ordinal0 [0x00D53B35+998197]
	Ordinal0 [0x00D5A739+1025849]
	Ordinal0 [0x00D53AF1+998129]
	Ordinal0 [0x00D549F6+1001974]
	Ordinal0 [0x00D53F8D+999309]
	Ordinal0 [0x00D54246+1000006]
	Ordinal0 [0x00D53B35+998197]
	Ordinal0 [0x00D59ABC+1022652]
	Ordinal0 [0x00D53AF1+998129]
	Ordinal0 [0x00D549F6+1001974]
	Ordinal0 [0x00D53F8D+999309]
	Ordinal0 [0x00D54246+1000006]
	Ordinal0 [0x00D53B35+998197]
	Ordinal0 [0x00D4F6ED+980717]
	Ordinal0 [0x00D53AF1+998129]
	Ordinal0 [0x00D53890+997520]
	Ordinal0 [0x00D53629+996905]
	Ordinal0 [0x00D63A60+1063520]
	Ordinal0 [0x00DABA7A+1358458]
	Ordinal0 [0x00DAA71A+1353498]
	Ordinal0 [0x00DA639B+1336219]
	Ordinal0 [0x00D827A7+1189799]
	Ordinal0 [0x00D83609+1193481]
	GetHandleVerifier [0x01055904+1577972]
	GetHandleVerifier [0x01100B97+2279047]
	GetHandleVerifier [0x00F56D09+534521]
	GetHandleVerifier [0x00F55DB9+530601]
	Ordinal0 [0x00E64FF9+2117625]
	Ordinal0 [0x00E698A8+2136232]
	Ordinal0 [0x00E699E2+2136546]
	Ordinal0 [0x00E73541+2176321]
	BaseThreadInitThunk [0x750A338A+18]
	RtlInitializeExceptionChain [0x77419A02+99]
	RtlInitializeExceptionChain [0x774199D5+54]

	at sun.reflect.NativeConstructorAccessorImpl.newInstance0(Native Method)
	at sun.reflect.NativeConstructorAccessorImpl.newInstance(Unknown Source)
	at sun.reflect.DelegatingConstructorAccessorImpl.newInstance(Unknown Source)
	at java.lang.reflect.Constructor.newInstance(Unknown Source)
	at org.openqa.selenium.remote.W3CHandshakeResponse.lambda$errorHandler$0(W3CHandshakeResponse.java:62)
	at org.openqa.selenium.remote.HandshakeResponse.lambda$getResponseFunction$0(HandshakeResponse.java:30)
	at org.openqa.selenium.remote.ProtocolHandshake.lambda$createSession$0(ProtocolHandshake.java:126)
	at java.util.stream.ReferencePipeline$3$1.accept(Unknown Source)
	at java.util.Spliterators$ArraySpliterator.tryAdvance(Unknown Source)
	at java.util.stream.ReferencePipeline.forEachWithCancel(Unknown Source)
	at java.util.stream.AbstractPipeline.copyIntoWithCancel(Unknown Source)
	at java.util.stream.AbstractPipeline.copyInto(Unknown Source)
	at java.util.stream.AbstractPipeline.wrapAndCopyInto(Unknown Source)
	at java.util.stream.FindOps$FindOp.evaluateSequential(Unknown Source)
	at java.util.stream.AbstractPipeline.evaluate(Unknown Source)
	at java.util.stream.ReferencePipeline.findFirst(Unknown Source)
	at org.openqa.selenium.remote.ProtocolHandshake.createSession(ProtocolHandshake.java:128)
	at org.openqa.selenium.remote.ProtocolHandshake.createSession(ProtocolHandshake.java:74)
	at org.openqa.selenium.remote.HttpCommandExecutor.execute(HttpCommandExecutor.java:136)
	at org.openqa.selenium.remote.service.DriverCommandExecutor.execute(DriverCommandExecutor.java:83)
	at org.openqa.selenium.remote.RemoteWebDriver.execute(RemoteWebDriver.java:552)
	at org.openqa.selenium.remote.RemoteWebDriver.startSession(RemoteWebDriver.java:213)
	at org.openqa.selenium.remote.RemoteWebDriver.&lt;init&gt;(RemoteWebDriver.java:131)
	at org.openqa.selenium.chrome.ChromeDriver.&lt;init&gt;(ChromeDriver.java:181)
	at org.openqa.selenium.chrome.ChromeDriver.&lt;init&gt;(ChromeDriver.java:168)
	at org.openqa.selenium.chrome.ChromeDriver.&lt;init&gt;(ChromeDriver.java:123)
	at com.generic.BaseTest.itializeWebEnvironment(BaseTest.java:23)
	at com.scripts.AutomationPracticeTest.beforeMainMethod(AutomationPracticeTest.java:37)
	at sun.reflect.NativeMethodAccessorImpl.invoke0(Native Method)
	at sun.reflect.NativeMethodAccessorImpl.invoke(Unknown Source)
	at sun.reflect.DelegatingMethodAccessorImpl.invoke(Unknown Source)
	at java.lang.reflect.Method.invoke(Unknown Source)
	at org.testng.internal.MethodInvocationHelper.invokeMethod(MethodInvocationHelper.java:124)
	at org.testng.internal.MethodInvocationHelper.invokeMethodConsideringTimeout(MethodInvocationHelper.java:59)
	at org.testng.internal.Invoker.invokeConfigurationMethod(Invoker.java:458)
	at org.testng.internal.Invoker.invokeConfigurations(Invoker.java:222)
	at org.testng.internal.Invoker.invokeConfigurations(Invoker.java:142)
	at org.testng.internal.TestMethodWorker.invokeBeforeClassMethods(TestMethodWorker.java:168)
	at org.testng.internal.TestMethodWorker.run(TestMethodWorker.java:105)
	at org.testng.TestRunner.privateRun(TestRunner.java:648)
	at org.testng.TestRunner.run(TestRunner.java:505)
	at org.testng.SuiteRunner.runTest(SuiteRunner.java:455)
	at org.testng.SuiteRunner.runSequentially(SuiteRunner.java:450)
	at org.testng.SuiteRunner.privateRun(SuiteRunner.java:415)
	at org.testng.SuiteRunner.run(SuiteRunner.java:364)
	at org.testng.SuiteRunnerWorker.runSuite(SuiteRunnerWorker.java:52)
	at org.testng.SuiteRunnerWorker.run(SuiteRunnerWorker.java:84)
	at org.testng.TestNG.runSuitesSequentially(TestNG.java:1208)
	at org.testng.TestNG.runSuitesLocally(TestNG.java:1137)
	at org.testng.TestNG.runSuites(TestNG.java:1049)
	at org.testng.TestNG.run(TestNG.java:1017)
	at org.testng.remote.AbstractRemoteTestNG.run(AbstractRemoteTestNG.java:114)
	at org.testng.remote.RemoteTestNG.initAndRun(RemoteTestNG.java:251)
	at org.testng.remote.RemoteTestNG.main(RemoteTestNG.java:77)
</pre></div></td>
<td>0</td>
<td>com.scripts.AutomationPracticeTest@3ffc5af1</td></tr>
<tr>
<td title='com.scripts.AutomationPracticeTest.TCID_102_VerifyProductIsAddedToCart()'><b>TCID_102_VerifyProductIsAddedToCart</b><br>Test class: com.scripts.AutomationPracticeTest</td>
<td><div><pre>org.openqa.selenium.SessionNotCreatedException: session not created
from disconnected: received Inspector.detached event
  (Session info: chrome=96.0.4664.110)
Build info: version: &apos;3.141.59&apos;, revision: &apos;e82be7d358&apos;, time: &apos;2018-11-14T08:17:03&apos;
System info: host: &apos;ADMIN-PC&apos;, ip: &apos;192.168.43.96&apos;, os.name: &apos;Windows 7&apos;, os.arch: &apos;amd64&apos;, os.version: &apos;6.1&apos;, java.version: &apos;1.8.0_311&apos;
Driver info: driver.version: ChromeDriver
remote stacktrace: Backtrace:
	Ordinal0 [0x00EC6903+2517251]
	Ordinal0 [0x00E5F8E1+2095329]
	Ordinal0 [0x00D62848+1058888]
	Ordinal0 [0x00D55AD4+1006292]
	Ordinal0 [0x00D55716+1005334]
	Ordinal0 [0x00D54DDA+1002970]
	Ordinal0 [0x00D53F8D+999309]
	Ordinal0 [0x00D54246+1000006]
	Ordinal0 [0x00D53B35+998197]
	Ordinal0 [0x00D5E924+1042724]
	Ordinal0 [0x00D53AF1+998129]
	Ordinal0 [0x00D549F6+1001974]
	Ordinal0 [0x00D53F8D+999309]
	Ordinal0 [0x00D54246+1000006]
	Ordinal0 [0x00D53B35+998197]
	Ordinal0 [0x00D5C923+1034531]
	Ordinal0 [0x00D53AF1+998129]
	Ordinal0 [0x00D549F6+1001974]
	Ordinal0 [0x00D53F8D+999309]
	Ordinal0 [0x00D54246+1000006]
	Ordinal0 [0x00D53B35+998197]
	Ordinal0 [0x00D5A739+1025849]
	Ordinal0 [0x00D53AF1+998129]
	Ordinal0 [0x00D549F6+1001974]
	Ordinal0 [0x00D53F8D+999309]
	Ordinal0 [0x00D54246+1000006]
	Ordinal0 [0x00D53B35+998197]
	Ordinal0 [0x00D59ABC+1022652]
	Ordinal0 [0x00D53AF1+998129]
	Ordinal0 [0x00D549F6+1001974]
	Ordinal0 [0x00D53F8D+999309]
	Ordinal0 [0x00D54246+1000006]
	Ordinal0 [0x00D53B35+998197]
	Ordinal0 [0x00D4F6ED+980717]
	Ordinal0 [0x00D53AF1+998129]
	Ordinal0 [0x00D53890+997520]
	Ordinal0 [0x00D53629+996905]
	Ordinal0 [0x00D63A60+1063520]
	Ordinal0 [0x00DABA7A+1358458]
	Ordinal0 [0x00DAA71A+1353498]
	Ordinal0 [0x00DA639B+1336219]
	Ordinal0 [0x00D827A7+1189799]
	Ordinal0 [0x00D83609+1193481]
	GetHandleVerifier [0x01055904+1577972]
	GetHandleVerifier [0x01100B97+2279047]
	GetHandleVerifier [0x00F56D09+534521]
	GetHandleVerifier [0x00F55DB9+530601]
	Ordinal0 [0x00E64FF9+2117625]
	Ordinal0 [0x00E698A8+2136232]
	Ordinal0 [0x00E699E2+2136546]
	Ordinal0 [0x00E73541+2176321]
	BaseThreadInitThunk [0x750A338A+18]
	RtlInitializeExceptionChain [0x77419A02+99]
	RtlInitializeExceptionChain [0x774199D5+54]

	at sun.reflect.NativeConstructorAccessorImpl.newInstance0(Native Method)
	at sun.reflect.NativeConstructorAccessorImpl.newInstance(Unknown Source)
	at sun.reflect.DelegatingConstructorAccessorImpl.newInstance(Unknown Source)
	at java.lang.reflect.Constructor.newInstance(Unknown Source)
	at org.openqa.selenium.remote.W3CHandshakeResponse.lambda$errorHandler$0(W3CHandshakeResponse.java:62)
	at org.openqa.selenium.remote.HandshakeResponse.lambda$getResponseFunction$0(HandshakeResponse.java:30)
	at org.openqa.selenium.remote.ProtocolHandshake.lambda$createSession$0(ProtocolHandshake.java:126)
	at java.util.stream.ReferencePipeline$3$1.accept(Unknown Source)
	at java.util.Spliterators$ArraySpliterator.tryAdvance(Unknown Source)
	at java.util.stream.ReferencePipeline.forEachWithCancel(Unknown Source)
	at java.util.stream.AbstractPipeline.copyIntoWithCancel(Unknown Source)
	at java.util.stream.AbstractPipeline.copyInto(Unknown Source)
	at java.util.stream.AbstractPipeline.wrapAndCopyInto(Unknown Source)
	at java.util.stream.FindOps$FindOp.evaluateSequential(Unknown Source)
	at java.util.stream.AbstractPipeline.evaluate(Unknown Source)
	at java.util.stream.ReferencePipeline.findFirst(Unknown Source)
	at org.openqa.selenium.remote.ProtocolHandshake.createSession(ProtocolHandshake.java:128)
	at org.openqa.selenium.remote.ProtocolHandshake.createSession(ProtocolHandshake.java:74)
	at org.openqa.selenium.remote.HttpCommandExecutor.execute(HttpCommandExecutor.java:136)
	at org.openqa.selenium.remote.service.DriverCommandExecutor.execute(DriverCommandExecutor.java:83)
	at org.openqa.selenium.remote.RemoteWebDriver.execute(RemoteWebDriver.java:552)
	at org.openqa.selenium.remote.RemoteWebDriver.startSession(RemoteWebDriver.java:213)
	at org.openqa.selenium.remote.RemoteWebDriver.&lt;init&gt;(RemoteWebDriver.java:131)
	at org.openqa.selenium.chrome.ChromeDriver.&lt;init&gt;(ChromeDriver.java:181)
	at org.openqa.selenium.chrome.ChromeDriver.&lt;init&gt;(ChromeDriver.java:168)
	at org.openqa.selenium.chrome.ChromeDriver.&lt;init&gt;(ChromeDriver.java:123)
	at com.generic.BaseTest.itializeWebEnvironment(BaseTest.java:23)
	at com.scripts.AutomationPracticeTest.beforeMainMethod(AutomationPracticeTest.java:37)
	at sun.reflect.NativeMethodAccessorImpl.invoke0(Native Method)
	at sun.reflect.NativeMethodAccessorImpl.invoke(Unknown Source)
	at sun.reflect.DelegatingMethodAccessorImpl.invoke(Unknown Source)
	at java.lang.reflect.Method.invoke(Unknown Source)
	at org.testng.internal.MethodInvocationHelper.invokeMethod(MethodInvocationHelper.java:124)
	at org.testng.internal.MethodInvocationHelper.invokeMethodConsideringTimeout(MethodInvocationHelper.java:59)
	at org.testng.internal.Invoker.invokeConfigurationMethod(Invoker.java:458)
	at org.testng.internal.Invoker.invokeConfigurations(Invoker.java:222)
	at org.testng.internal.Invoker.invokeConfigurations(Invoker.java:142)
	at org.testng.internal.TestMethodWorker.invokeBeforeClassMethods(TestMethodWorker.java:168)
	at org.testng.internal.TestMethodWorker.run(TestMethodWorker.java:105)
	at org.testng.TestRunner.privateRun(TestRunner.java:648)
	at org.testng.TestRunner.run(TestRunner.java:505)
	at org.testng.SuiteRunner.runTest(SuiteRunner.java:455)
	at org.testng.SuiteRunner.runSequentially(SuiteRunner.java:450)
	at org.testng.SuiteRunner.privateRun(SuiteRunner.java:415)
	at org.testng.SuiteRunner.run(SuiteRunner.java:364)
	at org.testng.SuiteRunnerWorker.runSuite(SuiteRunnerWorker.java:52)
	at org.testng.SuiteRunnerWorker.run(SuiteRunnerWorker.java:84)
	at org.testng.TestNG.runSuitesSequentially(TestNG.java:1208)
	at org.testng.TestNG.runSuitesLocally(TestNG.java:1137)
	at org.testng.TestNG.runSuites(TestNG.java:1049)
	at org.testng.TestNG.run(TestNG.java:1017)
	at org.testng.remote.AbstractRemoteTestNG.run(AbstractRemoteTestNG.java:114)
	at org.testng.remote.RemoteTestNG.initAndRun(RemoteTestNG.java:251)
	at org.testng.remote.RemoteTestNG.main(RemoteTestNG.java:77)
</pre></div><a href='#' onClick='toggleBox("stack-trace2003463579", this, "Click to show all stack frames", "Click to hide stack frames")'>Click to show all stack frames</a>
<div class='stack-trace' id='stack-trace2003463579'><pre>org.openqa.selenium.SessionNotCreatedException: session not created
from disconnected: received Inspector.detached event
  (Session info: chrome=96.0.4664.110)
Build info: version: &apos;3.141.59&apos;, revision: &apos;e82be7d358&apos;, time: &apos;2018-11-14T08:17:03&apos;
System info: host: &apos;ADMIN-PC&apos;, ip: &apos;192.168.43.96&apos;, os.name: &apos;Windows 7&apos;, os.arch: &apos;amd64&apos;, os.version: &apos;6.1&apos;, java.version: &apos;1.8.0_311&apos;
Driver info: driver.version: ChromeDriver
remote stacktrace: Backtrace:
	Ordinal0 [0x00EC6903+2517251]
	Ordinal0 [0x00E5F8E1+2095329]
	Ordinal0 [0x00D62848+1058888]
	Ordinal0 [0x00D55AD4+1006292]
	Ordinal0 [0x00D55716+1005334]
	Ordinal0 [0x00D54DDA+1002970]
	Ordinal0 [0x00D53F8D+999309]
	Ordinal0 [0x00D54246+1000006]
	Ordinal0 [0x00D53B35+998197]
	Ordinal0 [0x00D5E924+1042724]
	Ordinal0 [0x00D53AF1+998129]
	Ordinal0 [0x00D549F6+1001974]
	Ordinal0 [0x00D53F8D+999309]
	Ordinal0 [0x00D54246+1000006]
	Ordinal0 [0x00D53B35+998197]
	Ordinal0 [0x00D5C923+1034531]
	Ordinal0 [0x00D53AF1+998129]
	Ordinal0 [0x00D549F6+1001974]
	Ordinal0 [0x00D53F8D+999309]
	Ordinal0 [0x00D54246+1000006]
	Ordinal0 [0x00D53B35+998197]
	Ordinal0 [0x00D5A739+1025849]
	Ordinal0 [0x00D53AF1+998129]
	Ordinal0 [0x00D549F6+1001974]
	Ordinal0 [0x00D53F8D+999309]
	Ordinal0 [0x00D54246+1000006]
	Ordinal0 [0x00D53B35+998197]
	Ordinal0 [0x00D59ABC+1022652]
	Ordinal0 [0x00D53AF1+998129]
	Ordinal0 [0x00D549F6+1001974]
	Ordinal0 [0x00D53F8D+999309]
	Ordinal0 [0x00D54246+1000006]
	Ordinal0 [0x00D53B35+998197]
	Ordinal0 [0x00D4F6ED+980717]
	Ordinal0 [0x00D53AF1+998129]
	Ordinal0 [0x00D53890+997520]
	Ordinal0 [0x00D53629+996905]
	Ordinal0 [0x00D63A60+1063520]
	Ordinal0 [0x00DABA7A+1358458]
	Ordinal0 [0x00DAA71A+1353498]
	Ordinal0 [0x00DA639B+1336219]
	Ordinal0 [0x00D827A7+1189799]
	Ordinal0 [0x00D83609+1193481]
	GetHandleVerifier [0x01055904+1577972]
	GetHandleVerifier [0x01100B97+2279047]
	GetHandleVerifier [0x00F56D09+534521]
	GetHandleVerifier [0x00F55DB9+530601]
	Ordinal0 [0x00E64FF9+2117625]
	Ordinal0 [0x00E698A8+2136232]
	Ordinal0 [0x00E699E2+2136546]
	Ordinal0 [0x00E73541+2176321]
	BaseThreadInitThunk [0x750A338A+18]
	RtlInitializeExceptionChain [0x77419A02+99]
	RtlInitializeExceptionChain [0x774199D5+54]

	at sun.reflect.NativeConstructorAccessorImpl.newInstance0(Native Method)
	at sun.reflect.NativeConstructorAccessorImpl.newInstance(Unknown Source)
	at sun.reflect.DelegatingConstructorAccessorImpl.newInstance(Unknown Source)
	at java.lang.reflect.Constructor.newInstance(Unknown Source)
	at org.openqa.selenium.remote.W3CHandshakeResponse.lambda$errorHandler$0(W3CHandshakeResponse.java:62)
	at org.openqa.selenium.remote.HandshakeResponse.lambda$getResponseFunction$0(HandshakeResponse.java:30)
	at org.openqa.selenium.remote.ProtocolHandshake.lambda$createSession$0(ProtocolHandshake.java:126)
	at java.util.stream.ReferencePipeline$3$1.accept(Unknown Source)
	at java.util.Spliterators$ArraySpliterator.tryAdvance(Unknown Source)
	at java.util.stream.ReferencePipeline.forEachWithCancel(Unknown Source)
	at java.util.stream.AbstractPipeline.copyIntoWithCancel(Unknown Source)
	at java.util.stream.AbstractPipeline.copyInto(Unknown Source)
	at java.util.stream.AbstractPipeline.wrapAndCopyInto(Unknown Source)
	at java.util.stream.FindOps$FindOp.evaluateSequential(Unknown Source)
	at java.util.stream.AbstractPipeline.evaluate(Unknown Source)
	at java.util.stream.ReferencePipeline.findFirst(Unknown Source)
	at org.openqa.selenium.remote.ProtocolHandshake.createSession(ProtocolHandshake.java:128)
	at org.openqa.selenium.remote.ProtocolHandshake.createSession(ProtocolHandshake.java:74)
	at org.openqa.selenium.remote.HttpCommandExecutor.execute(HttpCommandExecutor.java:136)
	at org.openqa.selenium.remote.service.DriverCommandExecutor.execute(DriverCommandExecutor.java:83)
	at org.openqa.selenium.remote.RemoteWebDriver.execute(RemoteWebDriver.java:552)
	at org.openqa.selenium.remote.RemoteWebDriver.startSession(RemoteWebDriver.java:213)
	at org.openqa.selenium.remote.RemoteWebDriver.&lt;init&gt;(RemoteWebDriver.java:131)
	at org.openqa.selenium.chrome.ChromeDriver.&lt;init&gt;(ChromeDriver.java:181)
	at org.openqa.selenium.chrome.ChromeDriver.&lt;init&gt;(ChromeDriver.java:168)
	at org.openqa.selenium.chrome.ChromeDriver.&lt;init&gt;(ChromeDriver.java:123)
	at com.generic.BaseTest.itializeWebEnvironment(BaseTest.java:23)
	at com.scripts.AutomationPracticeTest.beforeMainMethod(AutomationPracticeTest.java:37)
	at sun.reflect.NativeMethodAccessorImpl.invoke0(Native Method)
	at sun.reflect.NativeMethodAccessorImpl.invoke(Unknown Source)
	at sun.reflect.DelegatingMethodAccessorImpl.invoke(Unknown Source)
	at java.lang.reflect.Method.invoke(Unknown Source)
	at org.testng.internal.MethodInvocationHelper.invokeMethod(MethodInvocationHelper.java:124)
	at org.testng.internal.MethodInvocationHelper.invokeMethodConsideringTimeout(MethodInvocationHelper.java:59)
	at org.testng.internal.Invoker.invokeConfigurationMethod(Invoker.java:458)
	at org.testng.internal.Invoker.invokeConfigurations(Invoker.java:222)
	at org.testng.internal.Invoker.invokeConfigurations(Invoker.java:142)
	at org.testng.internal.TestMethodWorker.invokeBeforeClassMethods(TestMethodWorker.java:168)
	at org.testng.internal.TestMethodWorker.run(TestMethodWorker.java:105)
	at org.testng.TestRunner.privateRun(TestRunner.java:648)
	at org.testng.TestRunner.run(TestRunner.java:505)
	at org.testng.SuiteRunner.runTest(SuiteRunner.java:455)
	at org.testng.SuiteRunner.runSequentially(SuiteRunner.java:450)
	at org.testng.SuiteRunner.privateRun(SuiteRunner.java:415)
	at org.testng.SuiteRunner.run(SuiteRunner.java:364)
	at org.testng.SuiteRunnerWorker.runSuite(SuiteRunnerWorker.java:52)
	at org.testng.SuiteRunnerWorker.run(SuiteRunnerWorker.java:84)
	at org.testng.TestNG.runSuitesSequentially(TestNG.java:1208)
	at org.testng.TestNG.runSuitesLocally(TestNG.java:1137)
	at org.testng.TestNG.runSuites(TestNG.java:1049)
	at org.testng.TestNG.run(TestNG.java:1017)
	at org.testng.remote.AbstractRemoteTestNG.run(AbstractRemoteTestNG.java:114)
	at org.testng.remote.RemoteTestNG.initAndRun(RemoteTestNG.java:251)
	at org.testng.remote.RemoteTestNG.main(RemoteTestNG.java:77)
</pre></div></td>
<td>0</td>
<td>com.scripts.AutomationPracticeTest@3ffc5af1</td></tr>
<tr>
<td title='com.scripts.AutomationPracticeTest.TCID_103_GetAllLinksOnSummerDressesPage()'><b>TCID_103_GetAllLinksOnSummerDressesPage</b><br>Test class: com.scripts.AutomationPracticeTest</td>
<td><div><pre>org.openqa.selenium.SessionNotCreatedException: session not created
from disconnected: received Inspector.detached event
  (Session info: chrome=96.0.4664.110)
Build info: version: &apos;3.141.59&apos;, revision: &apos;e82be7d358&apos;, time: &apos;2018-11-14T08:17:03&apos;
System info: host: &apos;ADMIN-PC&apos;, ip: &apos;192.168.43.96&apos;, os.name: &apos;Windows 7&apos;, os.arch: &apos;amd64&apos;, os.version: &apos;6.1&apos;, java.version: &apos;1.8.0_311&apos;
Driver info: driver.version: ChromeDriver
remote stacktrace: Backtrace:
	Ordinal0 [0x00EC6903+2517251]
	Ordinal0 [0x00E5F8E1+2095329]
	Ordinal0 [0x00D62848+1058888]
	Ordinal0 [0x00D55AD4+1006292]
	Ordinal0 [0x00D55716+1005334]
	Ordinal0 [0x00D54DDA+1002970]
	Ordinal0 [0x00D53F8D+999309]
	Ordinal0 [0x00D54246+1000006]
	Ordinal0 [0x00D53B35+998197]
	Ordinal0 [0x00D5E924+1042724]
	Ordinal0 [0x00D53AF1+998129]
	Ordinal0 [0x00D549F6+1001974]
	Ordinal0 [0x00D53F8D+999309]
	Ordinal0 [0x00D54246+1000006]
	Ordinal0 [0x00D53B35+998197]
	Ordinal0 [0x00D5C923+1034531]
	Ordinal0 [0x00D53AF1+998129]
	Ordinal0 [0x00D549F6+1001974]
	Ordinal0 [0x00D53F8D+999309]
	Ordinal0 [0x00D54246+1000006]
	Ordinal0 [0x00D53B35+998197]
	Ordinal0 [0x00D5A739+1025849]
	Ordinal0 [0x00D53AF1+998129]
	Ordinal0 [0x00D549F6+1001974]
	Ordinal0 [0x00D53F8D+999309]
	Ordinal0 [0x00D54246+1000006]
	Ordinal0 [0x00D53B35+998197]
	Ordinal0 [0x00D59ABC+1022652]
	Ordinal0 [0x00D53AF1+998129]
	Ordinal0 [0x00D549F6+1001974]
	Ordinal0 [0x00D53F8D+999309]
	Ordinal0 [0x00D54246+1000006]
	Ordinal0 [0x00D53B35+998197]
	Ordinal0 [0x00D4F6ED+980717]
	Ordinal0 [0x00D53AF1+998129]
	Ordinal0 [0x00D53890+997520]
	Ordinal0 [0x00D53629+996905]
	Ordinal0 [0x00D63A60+1063520]
	Ordinal0 [0x00DABA7A+1358458]
	Ordinal0 [0x00DAA71A+1353498]
	Ordinal0 [0x00DA639B+1336219]
	Ordinal0 [0x00D827A7+1189799]
	Ordinal0 [0x00D83609+1193481]
	GetHandleVerifier [0x01055904+1577972]
	GetHandleVerifier [0x01100B97+2279047]
	GetHandleVerifier [0x00F56D09+534521]
	GetHandleVerifier [0x00F55DB9+530601]
	Ordinal0 [0x00E64FF9+2117625]
	Ordinal0 [0x00E698A8+2136232]
	Ordinal0 [0x00E699E2+2136546]
	Ordinal0 [0x00E73541+2176321]
	BaseThreadInitThunk [0x750A338A+18]
	RtlInitializeExceptionChain [0x77419A02+99]
	RtlInitializeExceptionChain [0x774199D5+54]

	at sun.reflect.NativeConstructorAccessorImpl.newInstance0(Native Method)
	at sun.reflect.NativeConstructorAccessorImpl.newInstance(Unknown Source)
	at sun.reflect.DelegatingConstructorAccessorImpl.newInstance(Unknown Source)
	at java.lang.reflect.Constructor.newInstance(Unknown Source)
	at org.openqa.selenium.remote.W3CHandshakeResponse.lambda$errorHandler$0(W3CHandshakeResponse.java:62)
	at org.openqa.selenium.remote.HandshakeResponse.lambda$getResponseFunction$0(HandshakeResponse.java:30)
	at org.openqa.selenium.remote.ProtocolHandshake.lambda$createSession$0(ProtocolHandshake.java:126)
	at java.util.stream.ReferencePipeline$3$1.accept(Unknown Source)
	at java.util.Spliterators$ArraySpliterator.tryAdvance(Unknown Source)
	at java.util.stream.ReferencePipeline.forEachWithCancel(Unknown Source)
	at java.util.stream.AbstractPipeline.copyIntoWithCancel(Unknown Source)
	at java.util.stream.AbstractPipeline.copyInto(Unknown Source)
	at java.util.stream.AbstractPipeline.wrapAndCopyInto(Unknown Source)
	at java.util.stream.FindOps$FindOp.evaluateSequential(Unknown Source)
	at java.util.stream.AbstractPipeline.evaluate(Unknown Source)
	at java.util.stream.ReferencePipeline.findFirst(Unknown Source)
	at org.openqa.selenium.remote.ProtocolHandshake.createSession(ProtocolHandshake.java:128)
	at org.openqa.selenium.remote.ProtocolHandshake.createSession(ProtocolHandshake.java:74)
	at org.openqa.selenium.remote.HttpCommandExecutor.execute(HttpCommandExecutor.java:136)
	at org.openqa.selenium.remote.service.DriverCommandExecutor.execute(DriverCommandExecutor.java:83)
	at org.openqa.selenium.remote.RemoteWebDriver.execute(RemoteWebDriver.java:552)
	at org.openqa.selenium.remote.RemoteWebDriver.startSession(RemoteWebDriver.java:213)
	at org.openqa.selenium.remote.RemoteWebDriver.&lt;init&gt;(RemoteWebDriver.java:131)
	at org.openqa.selenium.chrome.ChromeDriver.&lt;init&gt;(ChromeDriver.java:181)
	at org.openqa.selenium.chrome.ChromeDriver.&lt;init&gt;(ChromeDriver.java:168)
	at org.openqa.selenium.chrome.ChromeDriver.&lt;init&gt;(ChromeDriver.java:123)
	at com.generic.BaseTest.itializeWebEnvironment(BaseTest.java:23)
	at com.scripts.AutomationPracticeTest.beforeMainMethod(AutomationPracticeTest.java:37)
	at sun.reflect.NativeMethodAccessorImpl.invoke0(Native Method)
	at sun.reflect.NativeMethodAccessorImpl.invoke(Unknown Source)
	at sun.reflect.DelegatingMethodAccessorImpl.invoke(Unknown Source)
	at java.lang.reflect.Method.invoke(Unknown Source)
	at org.testng.internal.MethodInvocationHelper.invokeMethod(MethodInvocationHelper.java:124)
	at org.testng.internal.MethodInvocationHelper.invokeMethodConsideringTimeout(MethodInvocationHelper.java:59)
	at org.testng.internal.Invoker.invokeConfigurationMethod(Invoker.java:458)
	at org.testng.internal.Invoker.invokeConfigurations(Invoker.java:222)
	at org.testng.internal.Invoker.invokeConfigurations(Invoker.java:142)
	at org.testng.internal.TestMethodWorker.invokeBeforeClassMethods(TestMethodWorker.java:168)
	at org.testng.internal.TestMethodWorker.run(TestMethodWorker.java:105)
	at org.testng.TestRunner.privateRun(TestRunner.java:648)
	at org.testng.TestRunner.run(TestRunner.java:505)
	at org.testng.SuiteRunner.runTest(SuiteRunner.java:455)
	at org.testng.SuiteRunner.runSequentially(SuiteRunner.java:450)
	at org.testng.SuiteRunner.privateRun(SuiteRunner.java:415)
	at org.testng.SuiteRunner.run(SuiteRunner.java:364)
	at org.testng.SuiteRunnerWorker.runSuite(SuiteRunnerWorker.java:52)
	at org.testng.SuiteRunnerWorker.run(SuiteRunnerWorker.java:84)
	at org.testng.TestNG.runSuitesSequentially(TestNG.java:1208)
	at org.testng.TestNG.runSuitesLocally(TestNG.java:1137)
	at org.testng.TestNG.runSuites(TestNG.java:1049)
	at org.testng.TestNG.run(TestNG.java:1017)
	at org.testng.remote.AbstractRemoteTestNG.run(AbstractRemoteTestNG.java:114)
	at org.testng.remote.RemoteTestNG.initAndRun(RemoteTestNG.java:251)
	at org.testng.remote.RemoteTestNG.main(RemoteTestNG.java:77)
</pre></div><a href='#' onClick='toggleBox("stack-trace567294307", this, "Click to show all stack frames", "Click to hide stack frames")'>Click to show all stack frames</a>
<div class='stack-trace' id='stack-trace567294307'><pre>org.openqa.selenium.SessionNotCreatedException: session not created
from disconnected: received Inspector.detached event
  (Session info: chrome=96.0.4664.110)
Build info: version: &apos;3.141.59&apos;, revision: &apos;e82be7d358&apos;, time: &apos;2018-11-14T08:17:03&apos;
System info: host: &apos;ADMIN-PC&apos;, ip: &apos;192.168.43.96&apos;, os.name: &apos;Windows 7&apos;, os.arch: &apos;amd64&apos;, os.version: &apos;6.1&apos;, java.version: &apos;1.8.0_311&apos;
Driver info: driver.version: ChromeDriver
remote stacktrace: Backtrace:
	Ordinal0 [0x00EC6903+2517251]
	Ordinal0 [0x00E5F8E1+2095329]
	Ordinal0 [0x00D62848+1058888]
	Ordinal0 [0x00D55AD4+1006292]
	Ordinal0 [0x00D55716+1005334]
	Ordinal0 [0x00D54DDA+1002970]
	Ordinal0 [0x00D53F8D+999309]
	Ordinal0 [0x00D54246+1000006]
	Ordinal0 [0x00D53B35+998197]
	Ordinal0 [0x00D5E924+1042724]
	Ordinal0 [0x00D53AF1+998129]
	Ordinal0 [0x00D549F6+1001974]
	Ordinal0 [0x00D53F8D+999309]
	Ordinal0 [0x00D54246+1000006]
	Ordinal0 [0x00D53B35+998197]
	Ordinal0 [0x00D5C923+1034531]
	Ordinal0 [0x00D53AF1+998129]
	Ordinal0 [0x00D549F6+1001974]
	Ordinal0 [0x00D53F8D+999309]
	Ordinal0 [0x00D54246+1000006]
	Ordinal0 [0x00D53B35+998197]
	Ordinal0 [0x00D5A739+1025849]
	Ordinal0 [0x00D53AF1+998129]
	Ordinal0 [0x00D549F6+1001974]
	Ordinal0 [0x00D53F8D+999309]
	Ordinal0 [0x00D54246+1000006]
	Ordinal0 [0x00D53B35+998197]
	Ordinal0 [0x00D59ABC+1022652]
	Ordinal0 [0x00D53AF1+998129]
	Ordinal0 [0x00D549F6+1001974]
	Ordinal0 [0x00D53F8D+999309]
	Ordinal0 [0x00D54246+1000006]
	Ordinal0 [0x00D53B35+998197]
	Ordinal0 [0x00D4F6ED+980717]
	Ordinal0 [0x00D53AF1+998129]
	Ordinal0 [0x00D53890+997520]
	Ordinal0 [0x00D53629+996905]
	Ordinal0 [0x00D63A60+1063520]
	Ordinal0 [0x00DABA7A+1358458]
	Ordinal0 [0x00DAA71A+1353498]
	Ordinal0 [0x00DA639B+1336219]
	Ordinal0 [0x00D827A7+1189799]
	Ordinal0 [0x00D83609+1193481]
	GetHandleVerifier [0x01055904+1577972]
	GetHandleVerifier [0x01100B97+2279047]
	GetHandleVerifier [0x00F56D09+534521]
	GetHandleVerifier [0x00F55DB9+530601]
	Ordinal0 [0x00E64FF9+2117625]
	Ordinal0 [0x00E698A8+2136232]
	Ordinal0 [0x00E699E2+2136546]
	Ordinal0 [0x00E73541+2176321]
	BaseThreadInitThunk [0x750A338A+18]
	RtlInitializeExceptionChain [0x77419A02+99]
	RtlInitializeExceptionChain [0x774199D5+54]

	at sun.reflect.NativeConstructorAccessorImpl.newInstance0(Native Method)
	at sun.reflect.NativeConstructorAccessorImpl.newInstance(Unknown Source)
	at sun.reflect.DelegatingConstructorAccessorImpl.newInstance(Unknown Source)
	at java.lang.reflect.Constructor.newInstance(Unknown Source)
	at org.openqa.selenium.remote.W3CHandshakeResponse.lambda$errorHandler$0(W3CHandshakeResponse.java:62)
	at org.openqa.selenium.remote.HandshakeResponse.lambda$getResponseFunction$0(HandshakeResponse.java:30)
	at org.openqa.selenium.remote.ProtocolHandshake.lambda$createSession$0(ProtocolHandshake.java:126)
	at java.util.stream.ReferencePipeline$3$1.accept(Unknown Source)
	at java.util.Spliterators$ArraySpliterator.tryAdvance(Unknown Source)
	at java.util.stream.ReferencePipeline.forEachWithCancel(Unknown Source)
	at java.util.stream.AbstractPipeline.copyIntoWithCancel(Unknown Source)
	at java.util.stream.AbstractPipeline.copyInto(Unknown Source)
	at java.util.stream.AbstractPipeline.wrapAndCopyInto(Unknown Source)
	at java.util.stream.FindOps$FindOp.evaluateSequential(Unknown Source)
	at java.util.stream.AbstractPipeline.evaluate(Unknown Source)
	at java.util.stream.ReferencePipeline.findFirst(Unknown Source)
	at org.openqa.selenium.remote.ProtocolHandshake.createSession(ProtocolHandshake.java:128)
	at org.openqa.selenium.remote.ProtocolHandshake.createSession(ProtocolHandshake.java:74)
	at org.openqa.selenium.remote.HttpCommandExecutor.execute(HttpCommandExecutor.java:136)
	at org.openqa.selenium.remote.service.DriverCommandExecutor.execute(DriverCommandExecutor.java:83)
	at org.openqa.selenium.remote.RemoteWebDriver.execute(RemoteWebDriver.java:552)
	at org.openqa.selenium.remote.RemoteWebDriver.startSession(RemoteWebDriver.java:213)
	at org.openqa.selenium.remote.RemoteWebDriver.&lt;init&gt;(RemoteWebDriver.java:131)
	at org.openqa.selenium.chrome.ChromeDriver.&lt;init&gt;(ChromeDriver.java:181)
	at org.openqa.selenium.chrome.ChromeDriver.&lt;init&gt;(ChromeDriver.java:168)
	at org.openqa.selenium.chrome.ChromeDriver.&lt;init&gt;(ChromeDriver.java:123)
	at com.generic.BaseTest.itializeWebEnvironment(BaseTest.java:23)
	at com.scripts.AutomationPracticeTest.beforeMainMethod(AutomationPracticeTest.java:37)
	at sun.reflect.NativeMethodAccessorImpl.invoke0(Native Method)
	at sun.reflect.NativeMethodAccessorImpl.invoke(Unknown Source)
	at sun.reflect.DelegatingMethodAccessorImpl.invoke(Unknown Source)
	at java.lang.reflect.Method.invoke(Unknown Source)
	at org.testng.internal.MethodInvocationHelper.invokeMethod(MethodInvocationHelper.java:124)
	at org.testng.internal.MethodInvocationHelper.invokeMethodConsideringTimeout(MethodInvocationHelper.java:59)
	at org.testng.internal.Invoker.invokeConfigurationMethod(Invoker.java:458)
	at org.testng.internal.Invoker.invokeConfigurations(Invoker.java:222)
	at org.testng.internal.Invoker.invokeConfigurations(Invoker.java:142)
	at org.testng.internal.TestMethodWorker.invokeBeforeClassMethods(TestMethodWorker.java:168)
	at org.testng.internal.TestMethodWorker.run(TestMethodWorker.java:105)
	at org.testng.TestRunner.privateRun(TestRunner.java:648)
	at org.testng.TestRunner.run(TestRunner.java:505)
	at org.testng.SuiteRunner.runTest(SuiteRunner.java:455)
	at org.testng.SuiteRunner.runSequentially(SuiteRunner.java:450)
	at org.testng.SuiteRunner.privateRun(SuiteRunner.java:415)
	at org.testng.SuiteRunner.run(SuiteRunner.java:364)
	at org.testng.SuiteRunnerWorker.runSuite(SuiteRunnerWorker.java:52)
	at org.testng.SuiteRunnerWorker.run(SuiteRunnerWorker.java:84)
	at org.testng.TestNG.runSuitesSequentially(TestNG.java:1208)
	at org.testng.TestNG.runSuitesLocally(TestNG.java:1137)
	at org.testng.TestNG.runSuites(TestNG.java:1049)
	at org.testng.TestNG.run(TestNG.java:1017)
	at org.testng.remote.AbstractRemoteTestNG.run(AbstractRemoteTestNG.java:114)
	at org.testng.remote.RemoteTestNG.initAndRun(RemoteTestNG.java:251)
	at org.testng.remote.RemoteTestNG.main(RemoteTestNG.java:77)
</pre></div></td>
<td>0</td>
<td>com.scripts.AutomationPracticeTest@3ffc5af1</td></tr>
<tr>
<td title='com.scripts.AutomationPracticeTest.TCID_104_VerifyAllLinksOnPage()'><b>TCID_104_VerifyAllLinksOnPage</b><br>Test class: com.scripts.AutomationPracticeTest</td>
<td><div><pre>org.openqa.selenium.SessionNotCreatedException: session not created
from disconnected: received Inspector.detached event
  (Session info: chrome=96.0.4664.110)
Build info: version: &apos;3.141.59&apos;, revision: &apos;e82be7d358&apos;, time: &apos;2018-11-14T08:17:03&apos;
System info: host: &apos;ADMIN-PC&apos;, ip: &apos;192.168.43.96&apos;, os.name: &apos;Windows 7&apos;, os.arch: &apos;amd64&apos;, os.version: &apos;6.1&apos;, java.version: &apos;1.8.0_311&apos;
Driver info: driver.version: ChromeDriver
remote stacktrace: Backtrace:
	Ordinal0 [0x00EC6903+2517251]
	Ordinal0 [0x00E5F8E1+2095329]
	Ordinal0 [0x00D62848+1058888]
	Ordinal0 [0x00D55AD4+1006292]
	Ordinal0 [0x00D55716+1005334]
	Ordinal0 [0x00D54DDA+1002970]
	Ordinal0 [0x00D53F8D+999309]
	Ordinal0 [0x00D54246+1000006]
	Ordinal0 [0x00D53B35+998197]
	Ordinal0 [0x00D5E924+1042724]
	Ordinal0 [0x00D53AF1+998129]
	Ordinal0 [0x00D549F6+1001974]
	Ordinal0 [0x00D53F8D+999309]
	Ordinal0 [0x00D54246+1000006]
	Ordinal0 [0x00D53B35+998197]
	Ordinal0 [0x00D5C923+1034531]
	Ordinal0 [0x00D53AF1+998129]
	Ordinal0 [0x00D549F6+1001974]
	Ordinal0 [0x00D53F8D+999309]
	Ordinal0 [0x00D54246+1000006]
	Ordinal0 [0x00D53B35+998197]
	Ordinal0 [0x00D5A739+1025849]
	Ordinal0 [0x00D53AF1+998129]
	Ordinal0 [0x00D549F6+1001974]
	Ordinal0 [0x00D53F8D+999309]
	Ordinal0 [0x00D54246+1000006]
	Ordinal0 [0x00D53B35+998197]
	Ordinal0 [0x00D59ABC+1022652]
	Ordinal0 [0x00D53AF1+998129]
	Ordinal0 [0x00D549F6+1001974]
	Ordinal0 [0x00D53F8D+999309]
	Ordinal0 [0x00D54246+1000006]
	Ordinal0 [0x00D53B35+998197]
	Ordinal0 [0x00D4F6ED+980717]
	Ordinal0 [0x00D53AF1+998129]
	Ordinal0 [0x00D53890+997520]
	Ordinal0 [0x00D53629+996905]
	Ordinal0 [0x00D63A60+1063520]
	Ordinal0 [0x00DABA7A+1358458]
	Ordinal0 [0x00DAA71A+1353498]
	Ordinal0 [0x00DA639B+1336219]
	Ordinal0 [0x00D827A7+1189799]
	Ordinal0 [0x00D83609+1193481]
	GetHandleVerifier [0x01055904+1577972]
	GetHandleVerifier [0x01100B97+2279047]
	GetHandleVerifier [0x00F56D09+534521]
	GetHandleVerifier [0x00F55DB9+530601]
	Ordinal0 [0x00E64FF9+2117625]
	Ordinal0 [0x00E698A8+2136232]
	Ordinal0 [0x00E699E2+2136546]
	Ordinal0 [0x00E73541+2176321]
	BaseThreadInitThunk [0x750A338A+18]
	RtlInitializeExceptionChain [0x77419A02+99]
	RtlInitializeExceptionChain [0x774199D5+54]

	at sun.reflect.NativeConstructorAccessorImpl.newInstance0(Native Method)
	at sun.reflect.NativeConstructorAccessorImpl.newInstance(Unknown Source)
	at sun.reflect.DelegatingConstructorAccessorImpl.newInstance(Unknown Source)
	at java.lang.reflect.Constructor.newInstance(Unknown Source)
	at org.openqa.selenium.remote.W3CHandshakeResponse.lambda$errorHandler$0(W3CHandshakeResponse.java:62)
	at org.openqa.selenium.remote.HandshakeResponse.lambda$getResponseFunction$0(HandshakeResponse.java:30)
	at org.openqa.selenium.remote.ProtocolHandshake.lambda$createSession$0(ProtocolHandshake.java:126)
	at java.util.stream.ReferencePipeline$3$1.accept(Unknown Source)
	at java.util.Spliterators$ArraySpliterator.tryAdvance(Unknown Source)
	at java.util.stream.ReferencePipeline.forEachWithCancel(Unknown Source)
	at java.util.stream.AbstractPipeline.copyIntoWithCancel(Unknown Source)
	at java.util.stream.AbstractPipeline.copyInto(Unknown Source)
	at java.util.stream.AbstractPipeline.wrapAndCopyInto(Unknown Source)
	at java.util.stream.FindOps$FindOp.evaluateSequential(Unknown Source)
	at java.util.stream.AbstractPipeline.evaluate(Unknown Source)
	at java.util.stream.ReferencePipeline.findFirst(Unknown Source)
	at org.openqa.selenium.remote.ProtocolHandshake.createSession(ProtocolHandshake.java:128)
	at org.openqa.selenium.remote.ProtocolHandshake.createSession(ProtocolHandshake.java:74)
	at org.openqa.selenium.remote.HttpCommandExecutor.execute(HttpCommandExecutor.java:136)
	at org.openqa.selenium.remote.service.DriverCommandExecutor.execute(DriverCommandExecutor.java:83)
	at org.openqa.selenium.remote.RemoteWebDriver.execute(RemoteWebDriver.java:552)
	at org.openqa.selenium.remote.RemoteWebDriver.startSession(RemoteWebDriver.java:213)
	at org.openqa.selenium.remote.RemoteWebDriver.&lt;init&gt;(RemoteWebDriver.java:131)
	at org.openqa.selenium.chrome.ChromeDriver.&lt;init&gt;(ChromeDriver.java:181)
	at org.openqa.selenium.chrome.ChromeDriver.&lt;init&gt;(ChromeDriver.java:168)
	at org.openqa.selenium.chrome.ChromeDriver.&lt;init&gt;(ChromeDriver.java:123)
	at com.generic.BaseTest.itializeWebEnvironment(BaseTest.java:23)
	at com.scripts.AutomationPracticeTest.beforeMainMethod(AutomationPracticeTest.java:37)
	at sun.reflect.NativeMethodAccessorImpl.invoke0(Native Method)
	at sun.reflect.NativeMethodAccessorImpl.invoke(Unknown Source)
	at sun.reflect.DelegatingMethodAccessorImpl.invoke(Unknown Source)
	at java.lang.reflect.Method.invoke(Unknown Source)
	at org.testng.internal.MethodInvocationHelper.invokeMethod(MethodInvocationHelper.java:124)
	at org.testng.internal.MethodInvocationHelper.invokeMethodConsideringTimeout(MethodInvocationHelper.java:59)
	at org.testng.internal.Invoker.invokeConfigurationMethod(Invoker.java:458)
	at org.testng.internal.Invoker.invokeConfigurations(Invoker.java:222)
	at org.testng.internal.Invoker.invokeConfigurations(Invoker.java:142)
	at org.testng.internal.TestMethodWorker.invokeBeforeClassMethods(TestMethodWorker.java:168)
	at org.testng.internal.TestMethodWorker.run(TestMethodWorker.java:105)
	at org.testng.TestRunner.privateRun(TestRunner.java:648)
	at org.testng.TestRunner.run(TestRunner.java:505)
	at org.testng.SuiteRunner.runTest(SuiteRunner.java:455)
	at org.testng.SuiteRunner.runSequentially(SuiteRunner.java:450)
	at org.testng.SuiteRunner.privateRun(SuiteRunner.java:415)
	at org.testng.SuiteRunner.run(SuiteRunner.java:364)
	at org.testng.SuiteRunnerWorker.runSuite(SuiteRunnerWorker.java:52)
	at org.testng.SuiteRunnerWorker.run(SuiteRunnerWorker.java:84)
	at org.testng.TestNG.runSuitesSequentially(TestNG.java:1208)
	at org.testng.TestNG.runSuitesLocally(TestNG.java:1137)
	at org.testng.TestNG.runSuites(TestNG.java:1049)
	at org.testng.TestNG.run(TestNG.java:1017)
	at org.testng.remote.AbstractRemoteTestNG.run(AbstractRemoteTestNG.java:114)
	at org.testng.remote.RemoteTestNG.initAndRun(RemoteTestNG.java:251)
	at org.testng.remote.RemoteTestNG.main(RemoteTestNG.java:77)
</pre></div><a href='#' onClick='toggleBox("stack-trace527829831", this, "Click to show all stack frames", "Click to hide stack frames")'>Click to show all stack frames</a>
<div class='stack-trace' id='stack-trace527829831'><pre>org.openqa.selenium.SessionNotCreatedException: session not created
from disconnected: received Inspector.detached event
  (Session info: chrome=96.0.4664.110)
Build info: version: &apos;3.141.59&apos;, revision: &apos;e82be7d358&apos;, time: &apos;2018-11-14T08:17:03&apos;
System info: host: &apos;ADMIN-PC&apos;, ip: &apos;192.168.43.96&apos;, os.name: &apos;Windows 7&apos;, os.arch: &apos;amd64&apos;, os.version: &apos;6.1&apos;, java.version: &apos;1.8.0_311&apos;
Driver info: driver.version: ChromeDriver
remote stacktrace: Backtrace:
	Ordinal0 [0x00EC6903+2517251]
	Ordinal0 [0x00E5F8E1+2095329]
	Ordinal0 [0x00D62848+1058888]
	Ordinal0 [0x00D55AD4+1006292]
	Ordinal0 [0x00D55716+1005334]
	Ordinal0 [0x00D54DDA+1002970]
	Ordinal0 [0x00D53F8D+999309]
	Ordinal0 [0x00D54246+1000006]
	Ordinal0 [0x00D53B35+998197]
	Ordinal0 [0x00D5E924+1042724]
	Ordinal0 [0x00D53AF1+998129]
	Ordinal0 [0x00D549F6+1001974]
	Ordinal0 [0x00D53F8D+999309]
	Ordinal0 [0x00D54246+1000006]
	Ordinal0 [0x00D53B35+998197]
	Ordinal0 [0x00D5C923+1034531]
	Ordinal0 [0x00D53AF1+998129]
	Ordinal0 [0x00D549F6+1001974]
	Ordinal0 [0x00D53F8D+999309]
	Ordinal0 [0x00D54246+1000006]
	Ordinal0 [0x00D53B35+998197]
	Ordinal0 [0x00D5A739+1025849]
	Ordinal0 [0x00D53AF1+998129]
	Ordinal0 [0x00D549F6+1001974]
	Ordinal0 [0x00D53F8D+999309]
	Ordinal0 [0x00D54246+1000006]
	Ordinal0 [0x00D53B35+998197]
	Ordinal0 [0x00D59ABC+1022652]
	Ordinal0 [0x00D53AF1+998129]
	Ordinal0 [0x00D549F6+1001974]
	Ordinal0 [0x00D53F8D+999309]
	Ordinal0 [0x00D54246+1000006]
	Ordinal0 [0x00D53B35+998197]
	Ordinal0 [0x00D4F6ED+980717]
	Ordinal0 [0x00D53AF1+998129]
	Ordinal0 [0x00D53890+997520]
	Ordinal0 [0x00D53629+996905]
	Ordinal0 [0x00D63A60+1063520]
	Ordinal0 [0x00DABA7A+1358458]
	Ordinal0 [0x00DAA71A+1353498]
	Ordinal0 [0x00DA639B+1336219]
	Ordinal0 [0x00D827A7+1189799]
	Ordinal0 [0x00D83609+1193481]
	GetHandleVerifier [0x01055904+1577972]
	GetHandleVerifier [0x01100B97+2279047]
	GetHandleVerifier [0x00F56D09+534521]
	GetHandleVerifier [0x00F55DB9+530601]
	Ordinal0 [0x00E64FF9+2117625]
	Ordinal0 [0x00E698A8+2136232]
	Ordinal0 [0x00E699E2+2136546]
	Ordinal0 [0x00E73541+2176321]
	BaseThreadInitThunk [0x750A338A+18]
	RtlInitializeExceptionChain [0x77419A02+99]
	RtlInitializeExceptionChain [0x774199D5+54]

	at sun.reflect.NativeConstructorAccessorImpl.newInstance0(Native Method)
	at sun.reflect.NativeConstructorAccessorImpl.newInstance(Unknown Source)
	at sun.reflect.DelegatingConstructorAccessorImpl.newInstance(Unknown Source)
	at java.lang.reflect.Constructor.newInstance(Unknown Source)
	at org.openqa.selenium.remote.W3CHandshakeResponse.lambda$errorHandler$0(W3CHandshakeResponse.java:62)
	at org.openqa.selenium.remote.HandshakeResponse.lambda$getResponseFunction$0(HandshakeResponse.java:30)
	at org.openqa.selenium.remote.ProtocolHandshake.lambda$createSession$0(ProtocolHandshake.java:126)
	at java.util.stream.ReferencePipeline$3$1.accept(Unknown Source)
	at java.util.Spliterators$ArraySpliterator.tryAdvance(Unknown Source)
	at java.util.stream.ReferencePipeline.forEachWithCancel(Unknown Source)
	at java.util.stream.AbstractPipeline.copyIntoWithCancel(Unknown Source)
	at java.util.stream.AbstractPipeline.copyInto(Unknown Source)
	at java.util.stream.AbstractPipeline.wrapAndCopyInto(Unknown Source)
	at java.util.stream.FindOps$FindOp.evaluateSequential(Unknown Source)
	at java.util.stream.AbstractPipeline.evaluate(Unknown Source)
	at java.util.stream.ReferencePipeline.findFirst(Unknown Source)
	at org.openqa.selenium.remote.ProtocolHandshake.createSession(ProtocolHandshake.java:128)
	at org.openqa.selenium.remote.ProtocolHandshake.createSession(ProtocolHandshake.java:74)
	at org.openqa.selenium.remote.HttpCommandExecutor.execute(HttpCommandExecutor.java:136)
	at org.openqa.selenium.remote.service.DriverCommandExecutor.execute(DriverCommandExecutor.java:83)
	at org.openqa.selenium.remote.RemoteWebDriver.execute(RemoteWebDriver.java:552)
	at org.openqa.selenium.remote.RemoteWebDriver.startSession(RemoteWebDriver.java:213)
	at org.openqa.selenium.remote.RemoteWebDriver.&lt;init&gt;(RemoteWebDriver.java:131)
	at org.openqa.selenium.chrome.ChromeDriver.&lt;init&gt;(ChromeDriver.java:181)
	at org.openqa.selenium.chrome.ChromeDriver.&lt;init&gt;(ChromeDriver.java:168)
	at org.openqa.selenium.chrome.ChromeDriver.&lt;init&gt;(ChromeDriver.java:123)
	at com.generic.BaseTest.itializeWebEnvironment(BaseTest.java:23)
	at com.scripts.AutomationPracticeTest.beforeMainMethod(AutomationPracticeTest.java:37)
	at sun.reflect.NativeMethodAccessorImpl.invoke0(Native Method)
	at sun.reflect.NativeMethodAccessorImpl.invoke(Unknown Source)
	at sun.reflect.DelegatingMethodAccessorImpl.invoke(Unknown Source)
	at java.lang.reflect.Method.invoke(Unknown Source)
	at org.testng.internal.MethodInvocationHelper.invokeMethod(MethodInvocationHelper.java:124)
	at org.testng.internal.MethodInvocationHelper.invokeMethodConsideringTimeout(MethodInvocationHelper.java:59)
	at org.testng.internal.Invoker.invokeConfigurationMethod(Invoker.java:458)
	at org.testng.internal.Invoker.invokeConfigurations(Invoker.java:222)
	at org.testng.internal.Invoker.invokeConfigurations(Invoker.java:142)
	at org.testng.internal.TestMethodWorker.invokeBeforeClassMethods(TestMethodWorker.java:168)
	at org.testng.internal.TestMethodWorker.run(TestMethodWorker.java:105)
	at org.testng.TestRunner.privateRun(TestRunner.java:648)
	at org.testng.TestRunner.run(TestRunner.java:505)
	at org.testng.SuiteRunner.runTest(SuiteRunner.java:455)
	at org.testng.SuiteRunner.runSequentially(SuiteRunner.java:450)
	at org.testng.SuiteRunner.privateRun(SuiteRunner.java:415)
	at org.testng.SuiteRunner.run(SuiteRunner.java:364)
	at org.testng.SuiteRunnerWorker.runSuite(SuiteRunnerWorker.java:52)
	at org.testng.SuiteRunnerWorker.run(SuiteRunnerWorker.java:84)
	at org.testng.TestNG.runSuitesSequentially(TestNG.java:1208)
	at org.testng.TestNG.runSuitesLocally(TestNG.java:1137)
	at org.testng.TestNG.runSuites(TestNG.java:1049)
	at org.testng.TestNG.run(TestNG.java:1017)
	at org.testng.remote.AbstractRemoteTestNG.run(AbstractRemoteTestNG.java:114)
	at org.testng.remote.RemoteTestNG.initAndRun(RemoteTestNG.java:251)
	at org.testng.remote.RemoteTestNG.main(RemoteTestNG.java:77)
</pre></div></td>
<td>0</td>
<td>com.scripts.AutomationPracticeTest@3ffc5af1</td></tr>
</table><p>
</body>
</html>