<?xml version="1.0" encoding="UTF-8"?>
<!-- Generated by org.testng.reporters.JUnitXMLReporter -->
<testsuite hostname="admin-PC" ignored="0" name="Default test" tests="4" failures="0" timestamp="27 Dec 2021 16:07:42 GMT" time="35.09" errors="0">
  <testcase name="@BeforeClass beforeMainMethod" time="34.941" classname="com.scripts.AutomationPracticeTest">
    <failure type="org.openqa.selenium.SessionNotCreatedException" message="session not created
from disconnected: received Inspector.detached event
  (Session info: chrome=96.0.4664.110)
Build info: version: &amp;apos;3.141.59&amp;apos;, revision: &amp;apos;e82be7d358&amp;apos;, time: &amp;apos;2018-11-14T08:17:03&amp;apos;
System info: host: &amp;apos;ADMIN-PC&amp;apos;, ip: &amp;apos;192.168.43.96&amp;apos;, os.name: &amp;apos;Windows 7&amp;apos;, os.arch: &amp;apos;amd64&amp;apos;, os.version: &amp;apos;6.1&amp;apos;, java.version: &amp;apos;1.8.0_311&amp;apos;
Driver info: driver.version: ChromeDriver
remote stacktrace: Backtrace:
	Ordinal0 [0x00EC6903+2517251]
	Ordinal0 [0x00E5F8E1+2095329]
	Ordinal0 [0x00D62848+1058888]
	Ordinal0 [0x00D55AD4+1006292]
	Ordinal0 [0x00D55716+1005334]
	Ordinal0 [0x00D54DDA+1002970]
	Ordinal0 [0x00D53F8D+999309]
	Ordinal0 [0x00D54246+1000006]
	Ordinal0 [0x00D53B35+998197]
	Ordinal0 [0x00D5E924+1042724]
	Ordinal0 [0x00D53AF1+998129]
	Ordinal0 [0x00D549F6+1001974]
	Ordinal0 [0x00D53F8D+999309]
	Ordinal0 [0x00D54246+1000006]
	Ordinal0 [0x00D53B35+998197]
	Ordinal0 [0x00D5C923+1034531]
	Ordinal0 [0x00D53AF1+998129]
	Ordinal0 [0x00D549F6+1001974]
	Ordinal0 [0x00D53F8D+999309]
	Ordinal0 [0x00D54246+1000006]
	Ordinal0 [0x00D53B35+998197]
	Ordinal0 [0x00D5A739+1025849]
	Ordinal0 [0x00D53AF1+998129]
	Ordinal0 [0x00D549F6+1001974]
	Ordinal0 [0x00D53F8D+999309]
	Ordinal0 [0x00D54246+1000006]
	Ordinal0 [0x00D53B35+998197]
	Ordinal0 [0x00D59ABC+1022652]
	Ordinal0 [0x00D53AF1+998129]
	Ordinal0 [0x00D549F6+1001974]
	Ordinal0 [0x00D53F8D+999309]
	Ordinal0 [0x00D54246+1000006]
	Ordinal0 [0x00D53B35+998197]
	Ordinal0 [0x00D4F6ED+980717]
	Ordinal0 [0x00D53AF1+998129]
	Ordinal0 [0x00D53890+997520]
	Ordinal0 [0x00D53629+996905]
	Ordinal0 [0x00D63A60+1063520]
	Ordinal0 [0x00DABA7A+1358458]
	Ordinal0 [0x00DAA71A+1353498]
	Ordinal0 [0x00DA639B+1336219]
	Ordinal0 [0x00D827A7+1189799]
	Ordinal0 [0x00D83609+1193481]
	GetHandleVerifier [0x01055904+1577972]
	GetHandleVerifier [0x01100B97+2279047]
	GetHandleVerifier [0x00F56D09+534521]
	GetHandleVerifier [0x00F55DB9+530601]
	Ordinal0 [0x00E64FF9+2117625]
	Ordinal0 [0x00E698A8+2136232]
	Ordinal0 [0x00E699E2+2136546]
	Ordinal0 [0x00E73541+2176321]
	BaseThreadInitThunk [0x750A338A+18]
	RtlInitializeExceptionChain [0x77419A02+99]
	RtlInitializeExceptionChain [0x774199D5+54]
">
      <![CDATA[org.openqa.selenium.SessionNotCreatedException: session not created
from disconnected: received Inspector.detached event
  (Session info: chrome=96.0.4664.110)
Build info: version: '3.141.59', revision: 'e82be7d358', time: '2018-11-14T08:17:03'
System info: host: 'ADMIN-PC', ip: '192.168.43.96', os.name: 'Windows 7', os.arch: 'amd64', os.version: '6.1', java.version: '1.8.0_311'
Driver info: driver.version: ChromeDriver
remote stacktrace: Backtrace:
Ordinal0 [0x00EC6903+2517251]
Ordinal0 [0x00E5F8E1+2095329]
Ordinal0 [0x00D62848+1058888]
Ordinal0 [0x00D55AD4+1006292]
Ordinal0 [0x00D55716+1005334]
Ordinal0 [0x00D54DDA+1002970]
Ordinal0 [0x00D53F8D+999309]
Ordinal0 [0x00D54246+1000006]
Ordinal0 [0x00D53B35+998197]
Ordinal0 [0x00D5E924+1042724]
Ordinal0 [0x00D53AF1+998129]
Ordinal0 [0x00D549F6+1001974]
Ordinal0 [0x00D53F8D+999309]
Ordinal0 [0x00D54246+1000006]
Ordinal0 [0x00D53B35+998197]
Ordinal0 [0x00D5C923+1034531]
Ordinal0 [0x00D53AF1+998129]
Ordinal0 [0x00D549F6+1001974]
Ordinal0 [0x00D53F8D+999309]
Ordinal0 [0x00D54246+1000006]
Ordinal0 [0x00D53B35+998197]
Ordinal0 [0x00D5A739+1025849]
Ordinal0 [0x00D53AF1+998129]
Ordinal0 [0x00D549F6+1001974]
Ordinal0 [0x00D53F8D+999309]
Ordinal0 [0x00D54246+1000006]
Ordinal0 [0x00D53B35+998197]
Ordinal0 [0x00D59ABC+1022652]
Ordinal0 [0x00D53AF1+998129]
Ordinal0 [0x00D549F6+1001974]
Ordinal0 [0x00D53F8D+999309]
Ordinal0 [0x00D54246+1000006]
Ordinal0 [0x00D53B35+998197]
Ordinal0 [0x00D4F6ED+980717]
Ordinal0 [0x00D53AF1+998129]
Ordinal0 [0x00D53890+997520]
Ordinal0 [0x00D53629+996905]
Ordinal0 [0x00D63A60+1063520]
Ordinal0 [0x00DABA7A+1358458]
Ordinal0 [0x00DAA71A+1353498]
Ordinal0 [0x00DA639B+1336219]
Ordinal0 [0x00D827A7+1189799]
Ordinal0 [0x00D83609+1193481]
GetHandleVerifier [0x01055904+1577972]
GetHandleVerifier [0x01100B97+2279047]
GetHandleVerifier [0x00F56D09+534521]
GetHandleVerifier [0x00F55DB9+530601]
Ordinal0 [0x00E64FF9+2117625]
Ordinal0 [0x00E698A8+2136232]
Ordinal0 [0x00E699E2+2136546]
Ordinal0 [0x00E73541+2176321]
BaseThreadInitThunk [0x750A338A+18]
RtlInitializeExceptionChain [0x77419A02+99]
RtlInitializeExceptionChain [0x774199D5+54]

at sun.reflect.NativeConstructorAccessorImpl.newInstance0(Native Method)
at sun.reflect.NativeConstructorAccessorImpl.newInstance(Unknown Source)
at sun.reflect.DelegatingConstructorAccessorImpl.newInstance(Unknown Source)
at java.lang.reflect.Constructor.newInstance(Unknown Source)
at org.openqa.selenium.remote.W3CHandshakeResponse.lambda$errorHandler$0(W3CHandshakeResponse.java:62)
at org.openqa.selenium.remote.HandshakeResponse.lambda$getResponseFunction$0(HandshakeResponse.java:30)
at org.openqa.selenium.remote.ProtocolHandshake.lambda$createSession$0(ProtocolHandshake.java:126)
at java.util.stream.ReferencePipeline$3$1.accept(Unknown Source)
at java.util.Spliterators$ArraySpliterator.tryAdvance(Unknown Source)
at java.util.stream.ReferencePipeline.forEachWithCancel(Unknown Source)
at java.util.stream.AbstractPipeline.copyIntoWithCancel(Unknown Source)
at java.util.stream.AbstractPipeline.copyInto(Unknown Source)
at java.util.stream.AbstractPipeline.wrapAndCopyInto(Unknown Source)
at java.util.stream.FindOps$FindOp.evaluateSequential(Unknown Source)
at java.util.stream.AbstractPipeline.evaluate(Unknown Source)
at java.util.stream.ReferencePipeline.findFirst(Unknown Source)
at org.openqa.selenium.remote.ProtocolHandshake.createSession(ProtocolHandshake.java:128)
at org.openqa.selenium.remote.ProtocolHandshake.createSession(ProtocolHandshake.java:74)
at org.openqa.selenium.remote.HttpCommandExecutor.execute(HttpCommandExecutor.java:136)
at org.openqa.selenium.remote.service.DriverCommandExecutor.execute(DriverCommandExecutor.java:83)
at org.openqa.selenium.remote.RemoteWebDriver.execute(RemoteWebDriver.java:552)
at org.openqa.selenium.remote.RemoteWebDriver.startSession(RemoteWebDriver.java:213)
at org.openqa.selenium.remote.RemoteWebDriver.<init>(RemoteWebDriver.java:131)
at org.openqa.selenium.chrome.ChromeDriver.<init>(ChromeDriver.java:181)
at org.openqa.selenium.chrome.ChromeDriver.<init>(ChromeDriver.java:168)
at org.openqa.selenium.chrome.ChromeDriver.<init>(ChromeDriver.java:123)
at com.generic.BaseTest.itializeWebEnvironment(BaseTest.java:23)
at com.scripts.AutomationPracticeTest.beforeMainMethod(AutomationPracticeTest.java:37)
at sun.reflect.NativeMethodAccessorImpl.invoke0(Native Method)
at sun.reflect.NativeMethodAccessorImpl.invoke(Unknown Source)
at sun.reflect.DelegatingMethodAccessorImpl.invoke(Unknown Source)
at java.lang.reflect.Method.invoke(Unknown Source)
at org.testng.internal.MethodInvocationHelper.invokeMethod(MethodInvocationHelper.java:124)
at org.testng.internal.MethodInvocationHelper.invokeMethodConsideringTimeout(MethodInvocationHelper.java:59)
at org.testng.internal.Invoker.invokeConfigurationMethod(Invoker.java:458)
at org.testng.internal.Invoker.invokeConfigurations(Invoker.java:222)
at org.testng.internal.Invoker.invokeConfigurations(Invoker.java:142)
at org.testng.internal.TestMethodWorker.invokeBeforeClassMethods(TestMethodWorker.java:168)
at org.testng.internal.TestMethodWorker.run(TestMethodWorker.java:105)
at org.testng.TestRunner.privateRun(TestRunner.java:648)
at org.testng.TestRunner.run(TestRunner.java:505)
at org.testng.SuiteRunner.runTest(SuiteRunner.java:455)
at org.testng.SuiteRunner.runSequentially(SuiteRunner.java:450)
at org.testng.SuiteRunner.privateRun(SuiteRunner.java:415)
at org.testng.SuiteRunner.run(SuiteRunner.java:364)
at org.testng.SuiteRunnerWorker.runSuite(SuiteRunnerWorker.java:52)
at org.testng.SuiteRunnerWorker.run(SuiteRunnerWorker.java:84)
at org.testng.TestNG.runSuitesSequentially(TestNG.java:1208)
at org.testng.TestNG.runSuitesLocally(TestNG.java:1137)
at org.testng.TestNG.runSuites(TestNG.java:1049)
at org.testng.TestNG.run(TestNG.java:1017)
at org.testng.remote.AbstractRemoteTestNG.run(AbstractRemoteTestNG.java:114)
at org.testng.remote.RemoteTestNG.initAndRun(RemoteTestNG.java:251)
at org.testng.remote.RemoteTestNG.main(RemoteTestNG.java:77)
]]>
    </failure>
  </testcase> <!-- @BeforeClass beforeMainMethod -->
  <testcase name="@AfterClass afterMethod" time="0.0" classname="com.scripts.AutomationPracticeTest">
    <skipped/>
  </testcase> <!-- @AfterClass afterMethod -->
  <testcase name="TCID_101_VerifySignInFunctionality" time="0.0" classname="com.scripts.AutomationPracticeTest">
    <skipped/>
  </testcase> <!-- TCID_101_VerifySignInFunctionality -->
  <testcase name="TCID_102_VerifyProductIsAddedToCart" time="0.0" classname="com.scripts.AutomationPracticeTest">
    <skipped/>
  </testcase> <!-- TCID_102_VerifyProductIsAddedToCart -->
  <testcase name="TCID_103_GetAllLinksOnSummerDressesPage" time="0.0" classname="com.scripts.AutomationPracticeTest">
    <skipped/>
  </testcase> <!-- TCID_103_GetAllLinksOnSummerDressesPage -->
  <testcase name="TCID_104_VerifyAllLinksOnPage" time="0.0" classname="com.scripts.AutomationPracticeTest">
    <skipped/>
  </testcase> <!-- TCID_104_VerifyAllLinksOnPage -->
</testsuite> <!-- Default test -->
